2020-02-29 16:47:54.271511 Records processed: 1879
2020-02-29 16:47:54.271511 Bonds created: 0
2020-02-29 16:51:20.026422 Records processed: 1879
2020-02-29 16:51:20.026422 Bonds created: 0
Updating bondinfo database...
29-02-2020 17:19:34 Records processed: 1879
29-02-2020 17:19:34 Bonds created: 0
29-02-2020 17:19:34 Bonds updated: 111
29-02-2020 17:19:34 Bonds unchanged: 1557
29-02-2020 17:19:34 Bonds marked as matured: 5
29-02-2020 17:19:34 Eurobonds: 139
29-02-2020 17:19:34 Bonds duplicated: 72
Updating bondinfo database...
29-02-2020 17:34:49 Records processed: 1879
29-02-2020 17:34:49 Bonds created: 0
29-02-2020 17:34:49 Bonds updated: 111
29-02-2020 17:34:49 Bonds unchanged: 1557
29-02-2020 17:34:49 Bonds marked as matured: 5
29-02-2020 17:34:49 Eurobonds: 139
29-02-2020 17:34:49 Bonds duplicated: 72
Updating bondinfo database... 29-02-2020
29-02-2020 17:50:42 Records processed: 1879
29-02-2020 17:50:42 Bonds created: 0
29-02-2020 17:50:42 Bonds updated: 12
29-02-2020 17:50:42 Bonds unchanged: 1656
29-02-2020 17:50:42 Bonds marked as matured: 0
29-02-2020 17:50:42 Eurobonds: 139
29-02-2020 17:50:42 Bonds duplicated: 72
For RU000A0JX3M0 iss buybackdate 28-12-2024 is earlier than database buybackdate 28-03-2025
For RU000A0JXRM6 iss buybackdate 28-06-2029 is earlier than database buybackdate 28-09-2029
For RU000A0ZYJT2 iss buybackdate 28-10-2024 is earlier than database buybackdate 28-01-2025
For RU000A0ZYL89 iss buybackdate 28-10-2024 is earlier than database buybackdate 28-04-2025
For RU000A0ZZCH9 iss buybackdate 28-04-2029 is earlier than database buybackdate 28-07-2029
For RU000A0ZZNW5 iss buybackdate 28-06-2028 is earlier than database buybackdate 28-12-2028
For RU000A0ZZV86 iss buybackdate 28-08-2027 is earlier than database buybackdate 28-02-2028
For RU000A0ZZZ09 iss buybackdate 28-09-2027 is earlier than database buybackdate 28-12-2027
For RU000A0ZZZ58 iss buybackdate 28-06-2030 is earlier than database buybackdate 28-12-2030
For RU000A100ZB9 iss buybackdate 28-03-2030 is earlier than database buybackdate 28-05-2030
For RU000A1018T2 iss buybackdate 07-03-2030 is earlier than database buybackdate 07-04-2030
For RU000A1019A0 iss buybackdate 28-08-2034 is earlier than database buybackdate 28-11-2035
Updating bondinfo database...01-03-2020
01-03-2020 11:54:21 Records processed: 1879
01-03-2020 11:54:21 Bonds created: 0
01-03-2020 11:54:21 Bonds updated: 100
01-03-2020 11:54:21 Bonds unchanged: 1568
01-03-2020 11:54:21 Bonds marked as matured: 0
01-03-2020 11:54:21 Eurobonds: 139
01-03-2020 11:54:21 Bonds duplicated: 72
For RU000A0JX3M0 iss buybackdate 28-12-2024 is earlier than database buybackdate 28-03-2025
For RU000A0JXRM6 iss buybackdate 28-06-2029 is earlier than database buybackdate 28-09-2029
For RU000A0ZYJT2 iss buybackdate 28-10-2024 is earlier than database buybackdate 28-01-2025
For RU000A0ZYL89 iss buybackdate 28-10-2024 is earlier than database buybackdate 28-04-2025
For RU000A0ZZCH9 iss buybackdate 28-04-2029 is earlier than database buybackdate 28-07-2029
For RU000A0ZZNW5 iss buybackdate 28-06-2028 is earlier than database buybackdate 28-12-2028
For RU000A0ZZV86 iss buybackdate 28-08-2027 is earlier than database buybackdate 28-02-2028
For RU000A0ZZZ09 iss buybackdate 28-09-2027 is earlier than database buybackdate 28-12-2027
For RU000A0ZZZ58 iss buybackdate 28-06-2030 is earlier than database buybackdate 28-12-2030
For RU000A100ZB9 iss buybackdate 28-03-2030 is earlier than database buybackdate 28-05-2030
For RU000A1018T2 iss buybackdate 07-03-2030 is earlier than database buybackdate 07-04-2030
For RU000A1019A0 iss buybackdate 28-08-2034 is earlier than database buybackdate 28-11-2035
Updating bondinfo database...01-03-2020
01-03-2020 16:10:22 Records processed: 1879
01-03-2020 16:10:22 Bonds created: 0
01-03-2020 16:10:22 Bonds updated: 0
01-03-2020 16:10:22 Bonds unchanged: 1668
01-03-2020 16:10:22 Bonds marked as matured: 0
01-03-2020 16:10:22 Eurobonds: 139
01-03-2020 16:10:22 Bonds duplicated: 72
Updating bondinfo database...01-03-2020
For RU000A0JX3M0 iss buybackdate 28-12-2024 is earlier than database buybackdate 28-03-2025
For RU000A0JXRM6 iss buybackdate 28-06-2029 is earlier than database buybackdate 28-09-2029
For RU000A0ZYJT2 iss buybackdate 28-10-2024 is earlier than database buybackdate 28-01-2025
For RU000A0ZYL89 iss buybackdate 28-10-2024 is earlier than database buybackdate 28-04-2025
For RU000A0ZZCH9 iss buybackdate 28-04-2029 is earlier than database buybackdate 28-07-2029
For RU000A0ZZNW5 iss buybackdate 28-06-2028 is earlier than database buybackdate 28-12-2028
For RU000A0ZZV86 iss buybackdate 28-08-2027 is earlier than database buybackdate 28-02-2028
For RU000A0ZZZ09 iss buybackdate 28-09-2027 is earlier than database buybackdate 28-12-2027
For RU000A0ZZZ58 iss buybackdate 28-06-2030 is earlier than database buybackdate 28-12-2030
For RU000A100ZB9 iss buybackdate 28-03-2030 is earlier than database buybackdate 28-05-2030
For RU000A1018T2 iss buybackdate 07-03-2030 is earlier than database buybackdate 07-04-2030
For RU000A1019A0 iss buybackdate 28-08-2034 is earlier than database buybackdate 28-11-2035
01-03-2020 16:27:06 Records processed: 1879
01-03-2020 16:27:06 Bonds created: 15
01-03-2020 16:27:06 Bonds updated: 90
01-03-2020 16:27:06 Bonds unchanged: 1563
01-03-2020 16:27:06 Bonds marked as matured: 1
01-03-2020 16:27:06 Eurobonds: 139
01-03-2020 16:27:06 Bonds duplicated: 72
Updating bondinfo database...06-03-2020
For RU000A0JX3M0 iss buybackdate 28-12-2024 is earlier than database buybackdate 28-03-2025
For RU000A0JXRM6 iss buybackdate 28-06-2029 is earlier than database buybackdate 28-09-2029
For RU000A0ZYJT2 iss buybackdate 28-10-2024 is earlier than database buybackdate 28-01-2025
For RU000A0ZYL89 iss buybackdate 28-10-2024 is earlier than database buybackdate 28-04-2025
For RU000A0ZZCH9 iss buybackdate 28-04-2029 is earlier than database buybackdate 28-07-2029
For RU000A0ZZNW5 iss buybackdate 28-06-2028 is earlier than database buybackdate 28-12-2028
For RU000A0ZZV86 iss buybackdate 28-08-2027 is earlier than database buybackdate 28-02-2028
For RU000A0ZZZ09 iss buybackdate 28-09-2027 is earlier than database buybackdate 28-12-2027
For RU000A0ZZZ58 iss buybackdate 28-06-2030 is earlier than database buybackdate 28-12-2030
For RU000A100ZB9 iss buybackdate 28-03-2030 is earlier than database buybackdate 28-05-2030
For RU000A1018T2 iss buybackdate 07-03-2030 is earlier than database buybackdate 07-04-2030
For RU000A1019A0 iss buybackdate 28-11-2034 is earlier than database buybackdate 28-11-2035
06-03-2020 21:41:09 Records processed: 1890
06-03-2020 21:41:09 Bonds created: 17
06-03-2020 21:41:09 Bonds updated: 80
06-03-2020 21:41:09 Bonds unchanged: 1581
06-03-2020 21:41:09 Bonds marked as matured: 7
06-03-2020 21:41:09 Eurobonds: 140
06-03-2020 21:41:09 Bonds duplicated: 72
Updating bondinfo database...12-03-2020
For RU000A0JX3M0 iss buybackdate 28-12-2024 is earlier than database buybackdate 28-03-2025
For RU000A0JXRM6 iss buybackdate 28-06-2029 is earlier than database buybackdate 28-09-2029
For RU000A0ZYJT2 iss buybackdate 28-10-2024 is earlier than database buybackdate 28-01-2025
For RU000A0ZYL89 iss buybackdate 28-10-2024 is earlier than database buybackdate 28-04-2025
For RU000A0ZZCH9 iss buybackdate 28-04-2029 is earlier than database buybackdate 28-07-2029
For RU000A0ZZNW5 iss buybackdate 28-06-2028 is earlier than database buybackdate 28-12-2028
For RU000A0ZZV86 iss buybackdate 28-08-2027 is earlier than database buybackdate 28-02-2028
For RU000A0ZZZ09 iss buybackdate 28-09-2027 is earlier than database buybackdate 28-12-2027
For RU000A0ZZZ58 iss buybackdate 28-06-2030 is earlier than database buybackdate 28-12-2030
For RU000A100ZB9 iss buybackdate 28-03-2030 is earlier than database buybackdate 28-05-2030
For RU000A1018T2 iss buybackdate 07-03-2030 is earlier than database buybackdate 07-04-2030
For RU000A1019A0 iss buybackdate 28-11-2034 is earlier than database buybackdate 28-11-2035
12-03-2020 22:25:57 Records processed: 1892
12-03-2020 22:25:57 Bonds created: 5
12-03-2020 22:25:57 Bonds updated: 63
12-03-2020 22:25:57 Bonds unchanged: 1609
12-03-2020 22:25:57 Bonds marked as matured: 4
12-03-2020 22:25:57 Eurobonds: 143
12-03-2020 22:25:57 Bonds duplicated: 72
Updating bondinfo database...31-03-2020
For RU000A0JX3M0 iss buybackdate 28-12-2024 is earlier than database buybackdate 28-03-2025
For RU000A0JXRM6 iss buybackdate 28-12-2028 is earlier than database buybackdate 28-09-2029
For RU000A0ZYJT2 iss buybackdate 28-07-2024 is earlier than database buybackdate 28-01-2025
For RU000A0ZYL89 iss buybackdate 28-07-2024 is earlier than database buybackdate 28-04-2025
For RU000A0ZZCH9 iss buybackdate 28-10-2028 is earlier than database buybackdate 28-07-2029
For RU000A0ZZNW5 iss buybackdate 28-09-2027 is earlier than database buybackdate 28-12-2028
For RU000A0ZZV86 iss buybackdate 28-02-2027 is earlier than database buybackdate 28-02-2028
For RU000A0ZZZ09 iss buybackdate 28-09-2027 is earlier than database buybackdate 28-12-2027
For RU000A0ZZZ58 iss buybackdate 28-06-2030 is earlier than database buybackdate 28-12-2030
For RU000A100YY4 iss buybackdate 28-04-2030 is earlier than database buybackdate 28-10-2030
For RU000A100ZB9 iss buybackdate 28-11-2029 is earlier than database buybackdate 28-05-2030
For RU000A1016B4 iss buybackdate 28-10-2030 is earlier than database buybackdate 28-07-2049
For RU000A1018T2 iss buybackdate 07-12-2029 is earlier than database buybackdate 07-04-2030
For RU000A1019A0 iss buybackdate 28-05-2033 is earlier than database buybackdate 28-11-2035
31-03-2020 20:42:14 Records processed: 1898
31-03-2020 20:42:14 Bonds created: 26
31-03-2020 20:42:14 Bonds updated: 252
31-03-2020 20:42:14 Bonds unchanged: 1400
31-03-2020 20:42:14 Bonds marked as matured: 16
31-03-2020 20:42:14 Eurobonds: 145
31-03-2020 20:42:14 Bonds duplicated: 75
Updating bondinfo database...01-04-2020
For RU000A0JX3M0 iss buybackdate 28-12-2024 is earlier than database buybackdate 28-03-2025
For RU000A0JXRM6 iss buybackdate 28-12-2028 is earlier than database buybackdate 28-09-2029
For RU000A0ZYJT2 iss buybackdate 28-07-2024 is earlier than database buybackdate 28-01-2025
For RU000A0ZYL89 iss buybackdate 28-07-2024 is earlier than database buybackdate 28-04-2025
For RU000A0ZZCH9 iss buybackdate 28-10-2028 is earlier than database buybackdate 28-07-2029
For RU000A0ZZNW5 iss buybackdate 28-09-2027 is earlier than database buybackdate 28-12-2028
For RU000A0ZZV86 iss buybackdate 28-02-2027 is earlier than database buybackdate 28-02-2028
For RU000A0ZZZ09 iss buybackdate 28-09-2027 is earlier than database buybackdate 28-12-2027
For RU000A0ZZZ58 iss buybackdate 28-06-2030 is earlier than database buybackdate 28-12-2030
For RU000A100YY4 iss buybackdate 28-04-2030 is earlier than database buybackdate 28-10-2030
For RU000A100ZB9 iss buybackdate 28-11-2029 is earlier than database buybackdate 28-05-2030
For RU000A1016B4 iss buybackdate 28-10-2030 is earlier than database buybackdate 28-07-2049
For RU000A1018T2 iss buybackdate 07-12-2029 is earlier than database buybackdate 07-04-2030
For RU000A1019A0 iss buybackdate 28-05-2033 is earlier than database buybackdate 28-11-2035
01-04-2020 19:20:02 Records processed: 1903
01-04-2020 19:20:02 Bonds created: 5
01-04-2020 19:20:02 Bonds updated: 15
01-04-2020 19:20:02 Bonds unchanged: 1663
01-04-2020 19:20:02 Bonds marked as matured: 0
01-04-2020 19:20:02 Eurobonds: 145
01-04-2020 19:20:02 Bonds duplicated: 75
Updating bondinfo database...04-04-2020
For RU000A0JX3M0 iss buybackdate 28-12-2024 is earlier than database buybackdate 28-03-2025
For RU000A0JXRM6 iss buybackdate 28-12-2028 is earlier than database buybackdate 28-09-2029
For RU000A0ZYJT2 iss buybackdate 28-07-2024 is earlier than database buybackdate 28-01-2025
For RU000A0ZYL89 iss buybackdate 28-07-2024 is earlier than database buybackdate 28-04-2025
For RU000A0ZZCH9 iss buybackdate 28-10-2028 is earlier than database buybackdate 28-07-2029
For RU000A0ZZNW5 iss buybackdate 28-09-2027 is earlier than database buybackdate 28-12-2028
For RU000A0ZZV86 iss buybackdate 28-02-2027 is earlier than database buybackdate 28-02-2028
For RU000A0ZZZ09 iss buybackdate 28-09-2027 is earlier than database buybackdate 28-12-2027
For RU000A0ZZZ58 iss buybackdate 28-06-2030 is earlier than database buybackdate 28-12-2030
For RU000A100YY4 iss buybackdate 28-04-2030 is earlier than database buybackdate 28-10-2030
For RU000A100ZB9 iss buybackdate 28-11-2029 is earlier than database buybackdate 28-05-2030
For RU000A1016B4 iss buybackdate 28-10-2030 is earlier than database buybackdate 28-07-2049
For RU000A1018T2 iss buybackdate 07-12-2029 is earlier than database buybackdate 07-04-2030
For RU000A1019A0 iss buybackdate 28-05-2033 is earlier than database buybackdate 28-11-2035
04-04-2020 19:36:58 Records processed: 1898
04-04-2020 19:36:58 Bonds created: 0
04-04-2020 19:36:58 Bonds updated: 39
04-04-2020 19:36:58 Bonds unchanged: 1642
04-04-2020 19:36:58 Bonds marked as matured: 2
04-04-2020 19:36:58 Eurobonds: 145
04-04-2020 19:36:58 Bonds duplicated: 72
Updating bondinfo database...05-04-2020
Updating bondinfo database...05-04-2020
Updating bondinfo database...05-04-2020
Updating bondinfo database...05-04-2020
For RU000A0JX3M0 iss buybackdate 28-12-2024 is earlier than database buybackdate 28-03-2025
For RU000A0JXRM6 iss buybackdate 28-12-2028 is earlier than database buybackdate 28-09-2029
For RU000A0ZYJT2 iss buybackdate 28-07-2024 is earlier than database buybackdate 28-01-2025
For RU000A0ZYL89 iss buybackdate 28-07-2024 is earlier than database buybackdate 28-04-2025
For RU000A0ZZCH9 iss buybackdate 28-10-2028 is earlier than database buybackdate 28-07-2029
For RU000A0ZZNW5 iss buybackdate 28-09-2027 is earlier than database buybackdate 28-12-2028
For RU000A0ZZV86 iss buybackdate 28-02-2027 is earlier than database buybackdate 28-02-2028
For RU000A0ZZZ09 iss buybackdate 28-09-2027 is earlier than database buybackdate 28-12-2027
For RU000A0ZZZ58 iss buybackdate 28-06-2030 is earlier than database buybackdate 28-12-2030
For RU000A100YY4 iss buybackdate 28-04-2030 is earlier than database buybackdate 28-10-2030
For RU000A100ZB9 iss buybackdate 28-11-2029 is earlier than database buybackdate 28-05-2030
For RU000A1016B4 iss buybackdate 28-10-2030 is earlier than database buybackdate 28-07-2049
For RU000A1018T2 iss buybackdate 07-12-2029 is earlier than database buybackdate 07-04-2030
For RU000A1019A0 iss buybackdate 28-05-2033 is earlier than database buybackdate 28-11-2035
05-04-2020 09:22:01 Records processed: 1898
05-04-2020 09:22:01 Bonds created: 0
05-04-2020 09:22:01 Bonds updated: 0
05-04-2020 09:22:01 Bonds unchanged: 1670
05-04-2020 09:22:01 Bonds marked as matured: 0
05-04-2020 09:22:01 Eurobonds: 40
05-04-2020 09:22:01 Bonds duplicated: 0
09-04-2020 19:49:03 quotes loaded: 0
09-04-2020 19:49:03 quotes loaded: 0
Updating bondinfo database...09-04-2020
09-04-2020 21:03:37 Records processed: 1895
09-04-2020 21:03:37 Bonds created: 2
09-04-2020 21:03:37 Bonds updated: 100
09-04-2020 21:03:37 Bonds unchanged: 1565
09-04-2020 21:03:37 Bonds marked as matured: 3
09-04-2020 21:03:37 Eurobonds: 40
09-04-2020 21:03:37 Bonds duplicated: 0
Updating bondinfo database...10-04-2020
10-04-2020 20:13:51 Records processed: 1896
10-04-2020 20:13:51 Bonds created: 2
10-04-2020 20:13:51 Bonds updated: 56
10-04-2020 20:13:51 Bonds unchanged: 1610
10-04-2020 20:13:51 Bonds marked as matured: 1
10-04-2020 20:13:51 Eurobonds: 40
10-04-2020 20:13:51 Bonds duplicated: 0
Updating bondinfo database...11-04-2020
Updating bondinfo database...11-04-2020
Updating bondinfo database...11-04-2020
Updating bondinfo database...11-04-2020
Updating bondinfo database...11-04-2020
Updating bondinfo database...11-04-2020
11-04-2020 17:36:50 Records processed: 1896
11-04-2020 17:36:50 Bonds created: 2
11-04-2020 17:36:50 Bonds updated: 23
11-04-2020 17:36:50 Bonds unchanged: 1643
11-04-2020 17:36:50 Bonds marked as matured: 0
11-04-2020 17:36:50 Eurobonds: 40
11-04-2020 17:36:50 Bonds duplicated: 0
Updating bondinfo database...11-04-2020
11-04-2020 18:45:31 Records processed: 1896
11-04-2020 18:45:31 Bonds created: 0
11-04-2020 18:45:31 Bonds updated: 6
11-04-2020 18:45:31 Bonds unchanged: 1662
11-04-2020 18:45:31 Bonds marked as matured: 0
11-04-2020 18:45:31 Eurobonds: 40
11-04-2020 18:45:31 Bonds duplicated: 0
11-04-2020 19:07:47 0 quotes loaded out of 0
11-04-2020 19:07:47 0 quotes loaded out of 0
11-04-2020 19:08:04 1514 quotes loaded out of 1514
11-04-2020 19:16:58 Tradedate 2019-01-01: 0 quotes loaded out of 0
11-04-2020 19:16:58 Tradedate 2019-01-02: 0 quotes loaded out of 0
11-04-2020 19:17:16 Tradedate 2019-01-04: 1514 quotes loaded out of 1514
11-04-2020 19:35:06 Tradedate 2019-01-03: 1514 quotes loaded out of 1514
11-04-2020 19:40:09 Tradedate 2019-01-03: 1514 quotes loaded out of 1514
11-04-2020 19:46:53 Tradedate 2019-01-03: 1514 quotes loaded out of 1514
11-04-2020 19:49:36 Tradedate 2019-01-03: 1514 quotes loaded out of 1514
11-04-2020 19:52:53 Tradedate 2019-01-03: 1514 quotes loaded out of 1514
11-04-2020 19:52:53 0 quotes inserted out of 1514
11-04-2020 19:53:10 Tradedate 2019-01-04: 1514 quotes loaded out of 1514
11-04-2020 19:53:10 0 quotes inserted out of 1514
11-04-2020 20:03:23 Tradedate 2019-01-03: 1514 quotes loaded out of 1514
11-04-2020 20:04:07 1346 quotes inserted out of 1514
11-04-2020 20:04:27 Tradedate 2019-01-04: 1514 quotes loaded out of 1514
11-04-2020 20:04:35 1346 quotes inserted out of 1514
12-04-2020 21:05:33 Tradedate 2019-01-03: 1514 quotes loaded out of 1514
12-04-2020 21:06:09 1346 quotes inserted out of 1514
12-04-2020 21:06:29 Tradedate 2019-01-04: 1514 quotes loaded out of 1514
12-04-2020 21:06:34 1346 quotes inserted out of 1514
12-04-2020 22:14:24 Tradedate 2019-01-08: 1514 quotes loaded out of 1514
12-04-2020 22:14:29 1346 quotes inserted out of 1514
12-04-2020 22:14:46 Tradedate 2019-01-09: 1516 quotes loaded out of 1516
12-04-2020 22:14:53 1346 quotes inserted out of 1516
12-04-2020 22:15:08 Tradedate 2019-01-11: 1512 quotes loaded out of 1512
12-04-2020 22:15:11 1344 quotes inserted out of 1512
12-04-2020 22:15:26 Tradedate 2019-01-14: 1512 quotes loaded out of 1512
12-04-2020 22:15:31 1344 quotes inserted out of 1512
12-04-2020 22:31:22 Tradedate 2019-01-08: 1514 quotes loaded out of 1514
12-04-2020 22:31:25 1346 quotes inserted out of 1514
12-04-2020 22:31:45 Tradedate 2019-01-09: 1516 quotes loaded out of 1516
12-04-2020 22:31:53 1346 quotes inserted out of 1516
12-04-2020 22:32:09 Tradedate 2019-01-10: 1513 quotes loaded out of 1513
12-04-2020 22:32:15 1345 quotes inserted out of 1513
12-04-2020 22:32:36 Tradedate 2019-01-11: 1512 quotes loaded out of 1512
12-04-2020 22:32:41 1344 quotes inserted out of 1512
15-04-2020 21:28:15 Tradedate 2019-01-14: 1512 quotes loaded out of 1512
15-04-2020 21:28:23 1344 quotes inserted out of 1512
15-04-2020 21:28:42 Tradedate 2019-01-15: 1515 quotes loaded out of 1515
15-04-2020 21:28:52 1344 quotes inserted out of 1515
15-04-2020 21:29:09 Tradedate 2019-01-16: 1518 quotes loaded out of 1518
15-04-2020 21:29:17 1344 quotes inserted out of 1518
15-04-2020 21:29:36 Tradedate 2019-01-17: 1510 quotes loaded out of 1510
15-04-2020 21:29:41 1344 quotes inserted out of 1510
15-04-2020 21:29:59 Tradedate 2019-01-18: 1511 quotes loaded out of 1511
15-04-2020 21:30:07 1345 quotes inserted out of 1511
15-04-2020 21:30:08 Tradedate 2019-01-19: 0 quotes loaded out of 0
15-04-2020 21:30:09 Tradedate 2019-01-20: 0 quotes loaded out of 0
15-04-2020 21:41:33 Tradedate 2019-01-21: 1510 quotes loaded out of 1510
15-04-2020 21:52:31 Tradedate 2019-01-21: 1510 quotes loaded out of 1510
15-04-2020 21:54:02 Tradedate 2019-01-21: 1510 quotes loaded out of 1510
15-04-2020 21:57:38 Tradedate 2019-01-21: 1510 quotes loaded out of 1510
15-04-2020 21:57:43 1344 quotes inserted out of 1510
15-04-2020 21:58:01 Tradedate 2019-01-22: 1513 quotes loaded out of 1513
15-04-2020 21:58:09 1345 quotes inserted out of 1513
15-04-2020 21:58:28 Tradedate 2019-01-23: 1517 quotes loaded out of 1517
15-04-2020 21:58:36 1347 quotes inserted out of 1517
15-04-2020 21:58:57 Tradedate 2019-01-24: 1514 quotes loaded out of 1514
15-04-2020 21:59:14 1348 quotes inserted out of 1514
15-04-2020 21:59:33 Tradedate 2019-01-25: 1516 quotes loaded out of 1516
15-04-2020 21:59:38 1350 quotes inserted out of 1516
15-04-2020 21:59:38 Tradedate 2019-01-26: 0 quotes loaded out of 0
15-04-2020 21:59:39 Tradedate 2019-01-27: 0 quotes loaded out of 0
15-04-2020 22:08:18 Tradedate 2019-01-28: 1516 quotes loaded out of 1516
15-04-2020 22:08:25 1350 quotes inserted out of 1516
15-04-2020 22:08:41 Tradedate 2019-01-29: 1517 quotes loaded out of 1517
15-04-2020 22:08:46 1351 quotes inserted out of 1517
15-04-2020 22:09:05 Tradedate 2019-01-30: 1520 quotes loaded out of 1520
15-04-2020 22:09:11 1352 quotes inserted out of 1520
15-04-2020 22:09:30 Tradedate 2019-01-31: 1521 quotes loaded out of 1521
15-04-2020 22:09:39 1355 quotes inserted out of 1521
15-04-2020 22:09:55 Tradedate 2019-02-01: 1523 quotes loaded out of 1523
15-04-2020 22:10:04 1357 quotes inserted out of 1523
15-04-2020 22:10:04 Tradedate 2019-02-02: 0 quotes loaded out of 0
15-04-2020 22:10:05 Tradedate 2019-02-03: 0 quotes loaded out of 0
16-04-2020 11:46:46 Tradedate 2019-02-04: 1524 quotes loaded out of 1524
16-04-2020 11:46:56 1358 quotes inserted out of 1524
16-04-2020 11:47:18 Tradedate 2019-02-05: 1525 quotes loaded out of 1525
16-04-2020 11:47:23 1359 quotes inserted out of 1525
16-04-2020 11:47:42 Tradedate 2019-02-06: 1529 quotes loaded out of 1529
16-04-2020 11:47:48 1361 quotes inserted out of 1529
16-04-2020 11:48:11 Tradedate 2019-02-07: 1529 quotes loaded out of 1529
16-04-2020 11:48:16 1361 quotes inserted out of 1529
16-04-2020 11:48:32 Tradedate 2019-02-08: 1531 quotes loaded out of 1531
16-04-2020 11:48:36 1363 quotes inserted out of 1531
16-04-2020 11:48:36 Tradedate 2019-02-09: 0 quotes loaded out of 0
16-04-2020 11:48:37 Tradedate 2019-02-10: 0 quotes loaded out of 0
16-04-2020 11:59:49 Tradedate 2019-02-11: 1533 quotes loaded out of 1533
16-04-2020 11:59:55 1365 quotes inserted out of 1533
16-04-2020 12:00:14 Tradedate 2019-02-12: 1537 quotes loaded out of 1537
16-04-2020 12:00:20 1367 quotes inserted out of 1537
16-04-2020 12:00:38 Tradedate 2019-02-13: 1540 quotes loaded out of 1540
16-04-2020 12:00:44 1368 quotes inserted out of 1540
16-04-2020 12:01:02 Tradedate 2019-02-14: 1539 quotes loaded out of 1539
16-04-2020 12:01:07 1370 quotes inserted out of 1539
16-04-2020 12:01:26 Tradedate 2019-02-15: 1541 quotes loaded out of 1541
16-04-2020 12:01:32 1372 quotes inserted out of 1541
16-04-2020 12:01:32 Tradedate 2019-02-16: 0 quotes loaded out of 0
16-04-2020 12:01:32 Tradedate 2019-02-17: 0 quotes loaded out of 0
16-04-2020 12:49:28 Tradedate 2019-02-18: 1539 quotes loaded out of 1539
16-04-2020 12:49:33 1370 quotes inserted out of 1539
16-04-2020 12:49:51 Tradedate 2019-02-19: 1543 quotes loaded out of 1543
16-04-2020 12:49:57 1373 quotes inserted out of 1543
16-04-2020 12:50:21 Tradedate 2019-02-20: 1547 quotes loaded out of 1547
16-04-2020 12:50:25 1374 quotes inserted out of 1547
16-04-2020 12:50:41 Tradedate 2019-02-21: 1542 quotes loaded out of 1542
16-04-2020 12:50:45 1373 quotes inserted out of 1542
16-04-2020 12:51:02 Tradedate 2019-02-22: 1539 quotes loaded out of 1539
16-04-2020 12:51:05 1370 quotes inserted out of 1539
16-04-2020 12:51:05 Tradedate 2019-02-23: 0 quotes loaded out of 0
16-04-2020 12:51:06 Tradedate 2019-02-24: 0 quotes loaded out of 0
16-04-2020 12:56:16 Tradedate 2019-02-25: 1540 quotes loaded out of 1540
16-04-2020 12:56:19 1371 quotes inserted out of 1540
16-04-2020 12:56:38 Tradedate 2019-02-26: 1547 quotes loaded out of 1547
16-04-2020 12:56:44 1375 quotes inserted out of 1547
16-04-2020 12:57:06 Tradedate 2019-02-27: 1553 quotes loaded out of 1553
16-04-2020 12:57:10 1379 quotes inserted out of 1553
16-04-2020 12:57:29 Tradedate 2019-02-28: 1552 quotes loaded out of 1552
16-04-2020 12:57:32 1381 quotes inserted out of 1552
16-04-2020 12:57:51 Tradedate 2019-03-01: 1553 quotes loaded out of 1553
16-04-2020 12:57:57 1382 quotes inserted out of 1553
16-04-2020 12:57:57 Tradedate 2019-03-02: 0 quotes loaded out of 0
16-04-2020 12:57:57 Tradedate 2019-03-03: 0 quotes loaded out of 0
16-04-2020 18:21:59 Tradedate 2019-03-04: 1554 quotes loaded out of 1554
16-04-2020 18:22:06 1383 quotes inserted out of 1554
16-04-2020 18:22:26 Tradedate 2019-03-05: 1556 quotes loaded out of 1556
16-04-2020 18:22:36 1385 quotes inserted out of 1556
16-04-2020 18:22:56 Tradedate 2019-03-06: 1562 quotes loaded out of 1562
16-04-2020 18:23:01 1389 quotes inserted out of 1562
16-04-2020 18:23:20 Tradedate 2019-03-07: 1558 quotes loaded out of 1558
16-04-2020 18:23:27 1387 quotes inserted out of 1558
16-04-2020 18:23:28 Tradedate 2019-03-08: 0 quotes loaded out of 0
16-04-2020 18:23:28 Tradedate 2019-03-09: 0 quotes loaded out of 0
16-04-2020 18:23:28 Tradedate 2019-03-10: 0 quotes loaded out of 0
16-04-2020 18:30:38 Tradedate 2019-03-11: 1561 quotes loaded out of 1561
16-04-2020 18:30:45 1390 quotes inserted out of 1561
16-04-2020 18:31:06 Tradedate 2019-03-12: 1567 quotes loaded out of 1567
16-04-2020 18:31:14 1395 quotes inserted out of 1567
16-04-2020 18:31:32 Tradedate 2019-03-13: 1568 quotes loaded out of 1568
16-04-2020 18:31:39 1394 quotes inserted out of 1568
16-04-2020 18:31:58 Tradedate 2019-03-14: 1563 quotes loaded out of 1563
16-04-2020 18:43:45 Tradedate 2019-03-14: 1563 quotes loaded out of 1563
16-04-2020 18:43:49 1392 quotes inserted out of 1563
16-04-2020 18:44:09 Tradedate 2019-03-15: 1568 quotes loaded out of 1568
16-04-2020 18:44:17 1396 quotes inserted out of 1568
16-04-2020 18:44:17 Tradedate 2019-03-16: 0 quotes loaded out of 0
16-04-2020 18:44:17 Tradedate 2019-03-17: 0 quotes loaded out of 0
16-04-2020 18:47:06 Tradedate 2019-03-18: 1571 quotes loaded out of 1571
16-04-2020 18:47:15 1398 quotes inserted out of 1571
16-04-2020 18:47:35 Tradedate 2019-03-19: 1571 quotes loaded out of 1571
16-04-2020 18:47:49 1397 quotes inserted out of 1571
16-04-2020 18:48:11 Tradedate 2019-03-20: 1575 quotes loaded out of 1575
16-04-2020 18:48:17 1398 quotes inserted out of 1575
16-04-2020 18:48:40 Tradedate 2019-03-21: 1571 quotes loaded out of 1571
16-04-2020 18:48:47 1397 quotes inserted out of 1571
16-04-2020 18:49:06 Tradedate 2019-03-22: 1568 quotes loaded out of 1568
16-04-2020 18:49:16 1396 quotes inserted out of 1568
16-04-2020 18:49:17 Tradedate 2019-03-23: 0 quotes loaded out of 0
16-04-2020 18:49:17 Tradedate 2019-03-24: 0 quotes loaded out of 0
16-04-2020 19:06:59 Tradedate 2019-03-25: 1569 quotes loaded out of 1569
16-04-2020 19:07:09 1397 quotes inserted out of 1569
16-04-2020 19:07:28 Tradedate 2019-03-26: 1575 quotes loaded out of 1575
16-04-2020 19:07:35 1404 quotes inserted out of 1575
16-04-2020 19:07:56 Tradedate 2019-03-27: 1580 quotes loaded out of 1580
16-04-2020 19:08:10 1407 quotes inserted out of 1580
16-04-2020 19:08:29 Tradedate 2019-03-28: 1579 quotes loaded out of 1579
16-04-2020 19:08:39 1409 quotes inserted out of 1579
16-04-2020 19:08:57 Tradedate 2019-03-29: 1585 quotes loaded out of 1585
16-04-2020 19:09:06 1413 quotes inserted out of 1585
16-04-2020 19:09:06 Tradedate 2019-03-30: 0 quotes loaded out of 0
16-04-2020 19:09:06 Tradedate 2019-03-31: 0 quotes loaded out of 0
17-04-2020 13:04:20 Tradedate 2019-04-01: 1584 quotes loaded out of 1584
17-04-2020 13:04:29 1412 quotes inserted out of 1584
17-04-2020 13:04:47 Tradedate 2019-04-02: 1587 quotes loaded out of 1587
17-04-2020 13:04:58 1415 quotes inserted out of 1587
17-04-2020 13:05:15 Tradedate 2019-04-03: 1592 quotes loaded out of 1592
17-04-2020 13:05:24 1418 quotes inserted out of 1592
17-04-2020 13:05:40 Tradedate 2019-04-04: 1592 quotes loaded out of 1592
17-04-2020 13:05:54 1420 quotes inserted out of 1592
17-04-2020 13:06:12 Tradedate 2019-04-05: 1597 quotes loaded out of 1597
17-04-2020 13:06:21 1423 quotes inserted out of 1597
17-04-2020 13:06:21 Tradedate 2019-04-06: 0 quotes loaded out of 0
17-04-2020 13:06:21 Tradedate 2019-04-07: 0 quotes loaded out of 0
17-04-2020 13:13:48 Tradedate 2019-04-08: 1599 quotes loaded out of 1599
17-04-2020 13:13:59 1425 quotes inserted out of 1599
17-04-2020 13:14:18 Tradedate 2019-04-09: 1602 quotes loaded out of 1602
17-04-2020 13:14:26 1428 quotes inserted out of 1602
17-04-2020 13:14:42 Tradedate 2019-04-10: 1603 quotes loaded out of 1603
17-04-2020 13:14:53 1427 quotes inserted out of 1603
17-04-2020 13:15:17 Tradedate 2019-04-11: 1600 quotes loaded out of 1600
17-04-2020 13:15:30 1425 quotes inserted out of 1600
17-04-2020 13:15:51 Tradedate 2019-04-12: 1599 quotes loaded out of 1599
17-04-2020 13:16:02 1424 quotes inserted out of 1599
17-04-2020 13:16:02 Tradedate 2019-04-13: 0 quotes loaded out of 0
17-04-2020 13:16:02 Tradedate 2019-04-14: 0 quotes loaded out of 0
17-04-2020 13:46:11 Tradedate 2019-04-15: 1601 quotes loaded out of 1601
17-04-2020 13:46:21 1425 quotes inserted out of 1601
17-04-2020 13:46:40 Tradedate 2019-04-16: 1603 quotes loaded out of 1603
17-04-2020 13:46:49 1426 quotes inserted out of 1603
17-04-2020 13:47:09 Tradedate 2019-04-17: 1609 quotes loaded out of 1609
17-04-2020 13:47:15 1429 quotes inserted out of 1609
17-04-2020 13:47:33 Tradedate 2019-04-18: 1605 quotes loaded out of 1605
17-04-2020 13:47:44 1428 quotes inserted out of 1605
17-04-2020 13:48:04 Tradedate 2019-04-19: 1607 quotes loaded out of 1607
17-04-2020 13:48:12 1430 quotes inserted out of 1607
17-04-2020 13:48:12 Tradedate 2019-04-20: 0 quotes loaded out of 0
17-04-2020 13:48:12 Tradedate 2019-04-21: 0 quotes loaded out of 0
17-04-2020 18:01:35 Tradedate 2019-04-22: 1606 quotes loaded out of 1606
17-04-2020 18:01:46 1428 quotes inserted out of 1606
17-04-2020 18:02:08 Tradedate 2019-04-23: 1611 quotes loaded out of 1611
17-04-2020 18:02:19 1433 quotes inserted out of 1611
17-04-2020 18:02:38 Tradedate 2019-04-24: 1615 quotes loaded out of 1615
17-04-2020 18:02:48 1436 quotes inserted out of 1615
17-04-2020 18:03:11 Tradedate 2019-04-25: 1617 quotes loaded out of 1617
17-04-2020 18:03:20 1440 quotes inserted out of 1617
17-04-2020 18:03:42 Tradedate 2019-04-26: 1619 quotes loaded out of 1619
17-04-2020 18:03:53 1442 quotes inserted out of 1619
17-04-2020 18:03:53 Tradedate 2019-04-27: 0 quotes loaded out of 0
17-04-2020 18:03:53 Tradedate 2019-04-28: 0 quotes loaded out of 0
17-04-2020 18:11:36 Tradedate 2019-04-29: 1617 quotes loaded out of 1617
17-04-2020 18:11:47 1440 quotes inserted out of 1617
17-04-2020 18:12:04 Tradedate 2019-04-30: 1619 quotes loaded out of 1619
17-04-2020 18:12:17 1442 quotes inserted out of 1619
17-04-2020 18:12:17 Tradedate 2019-05-01: 0 quotes loaded out of 0
17-04-2020 18:12:34 Tradedate 2019-05-02: 1619 quotes loaded out of 1619
17-04-2020 18:12:45 1442 quotes inserted out of 1619
17-04-2020 18:13:06 Tradedate 2019-05-03: 1619 quotes loaded out of 1619
17-04-2020 18:13:17 1442 quotes inserted out of 1619
17-04-2020 18:13:17 Tradedate 2019-05-04: 0 quotes loaded out of 0
17-04-2020 18:13:17 Tradedate 2019-05-05: 0 quotes loaded out of 0
17-04-2020 18:45:22 Tradedate 2019-05-06: 1618 quotes loaded out of 1618
17-04-2020 18:45:33 1441 quotes inserted out of 1618
17-04-2020 18:45:58 Tradedate 2019-05-07: 1619 quotes loaded out of 1619
17-04-2020 18:46:11 1442 quotes inserted out of 1619
17-04-2020 18:46:37 Tradedate 2019-05-08: 1621 quotes loaded out of 1621
17-04-2020 18:46:58 1442 quotes inserted out of 1621
17-04-2020 18:46:58 Tradedate 2019-05-09: 0 quotes loaded out of 0
17-04-2020 18:47:24 Tradedate 2019-05-10: 1617 quotes loaded out of 1617
17-04-2020 18:47:38 1440 quotes inserted out of 1617
17-04-2020 18:47:38 Tradedate 2019-05-11: 0 quotes loaded out of 0
17-04-2020 18:47:38 Tradedate 2019-05-12: 0 quotes loaded out of 0
17-04-2020 21:36:34 Tradedate 2019-05-13: 1617 quotes loaded out of 1617
17-04-2020 21:36:45 1440 quotes inserted out of 1617
17-04-2020 21:37:07 Tradedate 2019-05-14: 1620 quotes loaded out of 1620
17-04-2020 21:37:15 1441 quotes inserted out of 1620
17-04-2020 21:37:37 Tradedate 2019-05-15: 1624 quotes loaded out of 1624
17-04-2020 21:37:43 1442 quotes inserted out of 1624
17-04-2020 21:38:01 Tradedate 2019-05-16: 1617 quotes loaded out of 1617
17-04-2020 21:38:08 1440 quotes inserted out of 1617
17-04-2020 21:38:26 Tradedate 2019-05-17: 1616 quotes loaded out of 1616
17-04-2020 21:38:30 1439 quotes inserted out of 1616
17-04-2020 21:38:30 Tradedate 2019-05-18: 0 quotes loaded out of 0
17-04-2020 21:38:30 Tradedate 2019-05-19: 0 quotes loaded out of 0
17-04-2020 21:41:45 Tradedate 2019-05-20: 1613 quotes loaded out of 1613
17-04-2020 21:41:54 1437 quotes inserted out of 1613
17-04-2020 21:42:13 Tradedate 2019-05-21: 1614 quotes loaded out of 1614
17-04-2020 21:42:21 1437 quotes inserted out of 1614
17-04-2020 21:42:44 Tradedate 2019-05-22: 1618 quotes loaded out of 1618
17-04-2020 21:42:50 1439 quotes inserted out of 1618
17-04-2020 21:43:09 Tradedate 2019-05-23: 1616 quotes loaded out of 1616
17-04-2020 21:43:15 1440 quotes inserted out of 1616
17-04-2020 21:43:43 Tradedate 2019-05-24: 1619 quotes loaded out of 1619
17-04-2020 21:43:47 1442 quotes inserted out of 1619
17-04-2020 21:43:47 Tradedate 2019-05-25: 0 quotes loaded out of 0
17-04-2020 21:43:47 Tradedate 2019-05-26: 0 quotes loaded out of 0
17-04-2020 21:47:46 Tradedate 2019-05-27: 1620 quotes loaded out of 1620
17-04-2020 21:47:52 1443 quotes inserted out of 1620
17-04-2020 21:48:11 Tradedate 2019-05-28: 1624 quotes loaded out of 1624
17-04-2020 21:48:16 1445 quotes inserted out of 1624
17-04-2020 21:48:34 Tradedate 2019-05-29: 1627 quotes loaded out of 1627
17-04-2020 21:48:45 1446 quotes inserted out of 1627
17-04-2020 21:49:04 Tradedate 2019-05-30: 1626 quotes loaded out of 1626
17-04-2020 21:49:08 1447 quotes inserted out of 1626
17-04-2020 21:49:26 Tradedate 2019-05-31: 1626 quotes loaded out of 1626
17-04-2020 21:49:33 1447 quotes inserted out of 1626
17-04-2020 21:49:33 Tradedate 2019-06-01: 0 quotes loaded out of 0
17-04-2020 21:49:33 Tradedate 2019-06-02: 0 quotes loaded out of 0
17-04-2020 22:02:33 Tradedate 2019-06-03: 1630 quotes loaded out of 1630
17-04-2020 22:02:39 1451 quotes inserted out of 1630
17-04-2020 22:02:56 Tradedate 2019-06-04: 1631 quotes loaded out of 1631
17-04-2020 22:03:03 1452 quotes inserted out of 1631
17-04-2020 22:03:30 Tradedate 2019-06-05: 1635 quotes loaded out of 1635
17-04-2020 22:03:35 1453 quotes inserted out of 1635
17-04-2020 22:03:56 Tradedate 2019-06-06: 1640 quotes loaded out of 1640
17-04-2020 22:04:03 1460 quotes inserted out of 1640
17-04-2020 22:04:28 Tradedate 2019-06-07: 1639 quotes loaded out of 1639
17-04-2020 22:04:34 1459 quotes inserted out of 1639
17-04-2020 22:04:34 Tradedate 2019-06-08: 0 quotes loaded out of 0
17-04-2020 22:04:34 Tradedate 2019-06-09: 0 quotes loaded out of 0
17-04-2020 22:08:43 Tradedate 2019-06-10: 1639 quotes loaded out of 1639
17-04-2020 22:08:48 1459 quotes inserted out of 1639
17-04-2020 22:09:07 Tradedate 2019-06-11: 1645 quotes loaded out of 1645
17-04-2020 22:09:11 1464 quotes inserted out of 1645
17-04-2020 22:09:11 Tradedate 2019-06-12: 0 quotes loaded out of 0
17-04-2020 22:30:26 Tradedate 2019-06-13: 1647 quotes loaded out of 1647
17-04-2020 22:30:34 1465 quotes inserted out of 1647
17-04-2020 22:31:01 Tradedate 2019-06-14: 1645 quotes loaded out of 1645
17-04-2020 22:31:06 1464 quotes inserted out of 1645
17-04-2020 22:31:06 Tradedate 2019-06-15: 0 quotes loaded out of 0
17-04-2020 22:31:06 Tradedate 2019-06-16: 0 quotes loaded out of 0
17-04-2020 22:35:59 Tradedate 2019-06-17: 1645 quotes loaded out of 1645
17-04-2020 22:36:05 1464 quotes inserted out of 1645
17-04-2020 22:36:25 Tradedate 2019-06-18: 1648 quotes loaded out of 1648
17-04-2020 22:36:32 1466 quotes inserted out of 1648
17-04-2020 22:36:58 Tradedate 2019-06-19: 1653 quotes loaded out of 1653
17-04-2020 22:37:05 1469 quotes inserted out of 1653
17-04-2020 22:37:25 Tradedate 2019-06-20: 1649 quotes loaded out of 1649
17-04-2020 22:37:27 1468 quotes inserted out of 1649
17-04-2020 22:37:46 Tradedate 2019-06-21: 1652 quotes loaded out of 1652
17-04-2020 22:37:52 1470 quotes inserted out of 1652
17-04-2020 22:37:53 Tradedate 2019-06-22: 0 quotes loaded out of 0
17-04-2020 22:37:53 Tradedate 2019-06-23: 0 quotes loaded out of 0
17-04-2020 22:39:56 Tradedate 2019-06-24: 1652 quotes loaded out of 1652
17-04-2020 22:40:05 1470 quotes inserted out of 1652
17-04-2020 22:40:28 Tradedate 2019-06-25: 1650 quotes loaded out of 1650
17-04-2020 22:40:33 1468 quotes inserted out of 1650
17-04-2020 22:40:57 Tradedate 2019-06-26: 1652 quotes loaded out of 1652
17-04-2020 22:41:03 1469 quotes inserted out of 1652
17-04-2020 22:41:27 Tradedate 2019-06-27: 1652 quotes loaded out of 1652
17-04-2020 22:41:33 1470 quotes inserted out of 1652
17-04-2020 22:41:53 Tradedate 2019-06-28: 1654 quotes loaded out of 1654
17-04-2020 22:41:58 1471 quotes inserted out of 1654
17-04-2020 22:41:58 Tradedate 2019-06-29: 0 quotes loaded out of 0
17-04-2020 22:41:58 Tradedate 2019-06-30: 0 quotes loaded out of 0
18-04-2020 09:52:53 Tradedate 2019-07-01: 1650 quotes loaded out of 1650
18-04-2020 09:53:00 1467 quotes inserted out of 1650
18-04-2020 09:53:20 Tradedate 2019-07-02: 1650 quotes loaded out of 1650
18-04-2020 09:53:25 1468 quotes inserted out of 1650
18-04-2020 09:53:44 Tradedate 2019-07-03: 1654 quotes loaded out of 1654
18-04-2020 09:53:50 1471 quotes inserted out of 1654
18-04-2020 09:54:06 Tradedate 2019-07-04: 1653 quotes loaded out of 1653
18-04-2020 09:54:12 1471 quotes inserted out of 1653
18-04-2020 09:54:32 Tradedate 2019-07-05: 1655 quotes loaded out of 1655
18-04-2020 09:54:38 1473 quotes inserted out of 1655
18-04-2020 09:54:38 Tradedate 2019-07-06: 0 quotes loaded out of 0
18-04-2020 09:54:39 Tradedate 2019-07-07: 0 quotes loaded out of 0
18-04-2020 09:56:24 Tradedate 2019-07-08: 1655 quotes loaded out of 1655
18-04-2020 09:56:31 1473 quotes inserted out of 1655
18-04-2020 09:56:48 Tradedate 2019-07-09: 1659 quotes loaded out of 1659
18-04-2020 09:56:54 1477 quotes inserted out of 1659
18-04-2020 09:57:18 Tradedate 2019-07-10: 1664 quotes loaded out of 1664
18-04-2020 09:57:23 1481 quotes inserted out of 1664
18-04-2020 09:57:42 Tradedate 2019-07-11: 1663 quotes loaded out of 1663
18-04-2020 09:57:45 1481 quotes inserted out of 1663
18-04-2020 09:58:02 Tradedate 2019-07-12: 1665 quotes loaded out of 1665
18-04-2020 09:58:08 1482 quotes inserted out of 1665
18-04-2020 09:58:08 Tradedate 2019-07-13: 0 quotes loaded out of 0
18-04-2020 09:58:08 Tradedate 2019-07-14: 0 quotes loaded out of 0
18-04-2020 09:59:41 Tradedate 2019-07-15: 1668 quotes loaded out of 1668
18-04-2020 09:59:46 1486 quotes inserted out of 1668
18-04-2020 10:00:03 Tradedate 2019-07-16: 1672 quotes loaded out of 1672
18-04-2020 10:00:10 1489 quotes inserted out of 1672
18-04-2020 10:00:45 Tradedate 2019-07-17: 1679 quotes loaded out of 1679
18-04-2020 10:01:00 1492 quotes inserted out of 1679
18-04-2020 10:01:19 Tradedate 2019-07-18: 1678 quotes loaded out of 1678
18-04-2020 10:01:23 1494 quotes inserted out of 1678
18-04-2020 10:01:43 Tradedate 2019-07-19: 1678 quotes loaded out of 1678
18-04-2020 10:01:47 1492 quotes inserted out of 1678
18-04-2020 10:01:47 Tradedate 2019-07-20: 0 quotes loaded out of 0
18-04-2020 10:01:47 Tradedate 2019-07-21: 0 quotes loaded out of 0
18-04-2020 10:06:01 Tradedate 2019-07-22: 1677 quotes loaded out of 1677
18-04-2020 10:06:04 1490 quotes inserted out of 1677
18-04-2020 10:06:28 Tradedate 2019-07-23: 1679 quotes loaded out of 1679
18-04-2020 10:06:34 1492 quotes inserted out of 1679
18-04-2020 10:06:52 Tradedate 2019-07-24: 1680 quotes loaded out of 1680
18-04-2020 10:06:58 1492 quotes inserted out of 1680
18-04-2020 10:07:19 Tradedate 2019-07-25: 1680 quotes loaded out of 1680
18-04-2020 10:07:27 1493 quotes inserted out of 1680
18-04-2020 10:07:46 Tradedate 2019-07-26: 1680 quotes loaded out of 1680
18-04-2020 10:08:16 1493 quotes inserted out of 1680
18-04-2020 10:08:16 Tradedate 2019-07-27: 0 quotes loaded out of 0
18-04-2020 10:08:16 Tradedate 2019-07-28: 0 quotes loaded out of 0
18-04-2020 10:14:19 Tradedate 2019-07-29: 1682 quotes loaded out of 1682
18-04-2020 10:14:26 1495 quotes inserted out of 1682
18-04-2020 10:14:48 Tradedate 2019-07-30: 1682 quotes loaded out of 1682
18-04-2020 10:14:52 1495 quotes inserted out of 1682
18-04-2020 10:15:08 Tradedate 2019-07-31: 1683 quotes loaded out of 1683
18-04-2020 10:15:15 1495 quotes inserted out of 1683
18-04-2020 10:15:32 Tradedate 2019-08-01: 1682 quotes loaded out of 1682
18-04-2020 10:15:38 1495 quotes inserted out of 1682
18-04-2020 10:16:00 Tradedate 2019-08-02: 1681 quotes loaded out of 1681
18-04-2020 10:16:05 1494 quotes inserted out of 1681
18-04-2020 10:16:05 Tradedate 2019-08-03: 0 quotes loaded out of 0
18-04-2020 10:16:05 Tradedate 2019-08-04: 0 quotes loaded out of 0
18-04-2020 19:25:42 Tradedate 2019-08-05: 1680 quotes loaded out of 1680
18-04-2020 19:25:50 1494 quotes inserted out of 1680
18-04-2020 19:26:08 Tradedate 2019-08-06: 1681 quotes loaded out of 1681
18-04-2020 19:26:24 1495 quotes inserted out of 1681
18-04-2020 19:26:47 Tradedate 2019-08-07: 1682 quotes loaded out of 1682
18-04-2020 19:27:00 1495 quotes inserted out of 1682
18-04-2020 19:27:19 Tradedate 2019-08-08: 1681 quotes loaded out of 1681
18-04-2020 19:27:24 1495 quotes inserted out of 1681
18-04-2020 19:27:49 Tradedate 2019-08-09: 1685 quotes loaded out of 1685
18-04-2020 19:28:00 1499 quotes inserted out of 1685
18-04-2020 19:28:01 Tradedate 2019-08-10: 0 quotes loaded out of 0
18-04-2020 19:28:01 Tradedate 2019-08-11: 0 quotes loaded out of 0
18-04-2020 19:41:18 Tradedate 2019-08-12: 1689 quotes loaded out of 1689
18-04-2020 19:41:53 1501 quotes inserted out of 1689
18-04-2020 19:42:27 Tradedate 2019-08-13: 1695 quotes loaded out of 1695
18-04-2020 19:43:05 1504 quotes inserted out of 1695
18-04-2020 19:43:32 Tradedate 2019-08-14: 1697 quotes loaded out of 1697
18-04-2020 19:44:00 1505 quotes inserted out of 1697
18-04-2020 19:44:40 Tradedate 2019-08-15: 1696 quotes loaded out of 1696
18-04-2020 19:45:35 1505 quotes inserted out of 1696
18-04-2020 19:46:13 Tradedate 2019-08-16: 1697 quotes loaded out of 1697
18-04-2020 19:46:55 1506 quotes inserted out of 1697
18-04-2020 19:46:56 Tradedate 2019-08-17: 0 quotes loaded out of 0
18-04-2020 19:46:56 Tradedate 2019-08-18: 0 quotes loaded out of 0
18-04-2020 19:56:49 Tradedate 2019-08-19: 1695 quotes loaded out of 1695
18-04-2020 19:57:32 1504 quotes inserted out of 1695
18-04-2020 19:58:01 Tradedate 2019-08-20: 1696 quotes loaded out of 1696
18-04-2020 19:58:43 1505 quotes inserted out of 1696
18-04-2020 19:59:10 Tradedate 2019-08-21: 1699 quotes loaded out of 1699
18-04-2020 19:59:58 1506 quotes inserted out of 1699
18-04-2020 20:00:37 Tradedate 2019-08-22: 1698 quotes loaded out of 1698
18-04-2020 20:01:07 1507 quotes inserted out of 1698
18-04-2020 20:01:42 Tradedate 2019-08-23: 1698 quotes loaded out of 1698
18-04-2020 20:02:12 1507 quotes inserted out of 1698
18-04-2020 20:02:12 Tradedate 2019-08-24: 0 quotes loaded out of 0
18-04-2020 20:02:12 Tradedate 2019-08-25: 0 quotes loaded out of 0
18-04-2020 20:03:51 Tradedate 2019-08-26: 1698 quotes loaded out of 1698
18-04-2020 20:04:42 1507 quotes inserted out of 1698
18-04-2020 20:05:22 Tradedate 2019-08-27: 1700 quotes loaded out of 1700
18-04-2020 20:06:02 1508 quotes inserted out of 1700
18-04-2020 20:06:28 Tradedate 2019-08-28: 1706 quotes loaded out of 1706
18-04-2020 20:07:10 1512 quotes inserted out of 1706
18-04-2020 20:07:50 Tradedate 2019-08-29: 1704 quotes loaded out of 1704
18-04-2020 20:08:30 1512 quotes inserted out of 1704
18-04-2020 20:09:20 Tradedate 2019-08-30: 1704 quotes loaded out of 1704
18-04-2020 20:09:55 1512 quotes inserted out of 1704
18-04-2020 20:10:05 Tradedate 2019-08-31: 0 quotes loaded out of 0
18-04-2020 20:10:13 Tradedate 2019-09-01: 0 quotes loaded out of 0
18-04-2020 20:34:39 Tradedate 2019-09-02: 1702 quotes loaded out of 1702
18-04-2020 20:35:12 1510 quotes inserted out of 1702
18-04-2020 20:35:48 Tradedate 2019-09-03: 1703 quotes loaded out of 1703
18-04-2020 20:36:08 1511 quotes inserted out of 1703
18-04-2020 20:37:04 Tradedate 2019-09-04: 1705 quotes loaded out of 1705
18-04-2020 20:37:38 1512 quotes inserted out of 1705
18-04-2020 20:43:09 Tradedate 2019-09-05: 200 quotes loaded out of 1708
18-04-2020 20:46:24 Tradedate 2019-09-05: 1300 quotes loaded out of 1708
18-04-2020 21:59:24 Tradedate 2019-09-05: 1708 quotes loaded out of 1708
18-04-2020 21:59:42 1516 quotes inserted out of 1708
18-04-2020 22:00:12 Tradedate 2019-09-06: 1708 quotes loaded out of 1708
18-04-2020 22:00:18 1517 quotes inserted out of 1708
18-04-2020 22:00:20 Tradedate 2019-09-07: 0 quotes loaded out of 0
18-04-2020 22:00:20 Tradedate 2019-09-08: 0 quotes loaded out of 0
18-04-2020 22:37:59 Tradedate 2019-09-09: 1709 quotes loaded out of 1709
18-04-2020 22:38:04 1518 quotes inserted out of 1709
18-04-2020 22:38:23 Tradedate 2019-09-10: 1712 quotes loaded out of 1712
18-04-2020 22:38:30 1520 quotes inserted out of 1712
18-04-2020 22:38:51 Tradedate 2019-09-11: 1714 quotes loaded out of 1714
18-04-2020 22:38:54 1521 quotes inserted out of 1714
18-04-2020 22:39:19 Tradedate 2019-09-12: 1713 quotes loaded out of 1713
18-04-2020 22:39:26 1522 quotes inserted out of 1713
18-04-2020 22:51:41 Tradedate 2019-09-13: 1706 quotes loaded out of 1706
18-04-2020 22:51:47 1514 quotes inserted out of 1706
18-04-2020 22:51:48 Tradedate 2019-09-14: 0 quotes loaded out of 0
18-04-2020 22:51:48 Tradedate 2019-09-15: 0 quotes loaded out of 0
18-04-2020 22:52:08 Tradedate 2019-09-16: 1707 quotes loaded out of 1707
18-04-2020 22:52:17 1515 quotes inserted out of 1707
18-04-2020 22:52:36 Tradedate 2019-09-17: 1709 quotes loaded out of 1709
18-04-2020 22:52:41 1517 quotes inserted out of 1709
18-04-2020 22:53:01 Tradedate 2019-09-18: 1712 quotes loaded out of 1712
18-04-2020 22:53:05 1518 quotes inserted out of 1712
18-04-2020 22:53:23 Tradedate 2019-09-19: 1710 quotes loaded out of 1710
18-04-2020 22:53:29 1518 quotes inserted out of 1710
18-04-2020 22:53:52 Tradedate 2019-09-20: 1714 quotes loaded out of 1714
18-04-2020 22:53:57 1521 quotes inserted out of 1714
18-04-2020 22:53:57 Tradedate 2019-09-21: 0 quotes loaded out of 0
18-04-2020 22:53:57 Tradedate 2019-09-22: 0 quotes loaded out of 0
18-04-2020 23:00:18 Tradedate 2019-09-23: 1713 quotes loaded out of 1713
18-04-2020 23:00:22 1520 quotes inserted out of 1713
18-04-2020 23:00:40 Tradedate 2019-09-24: 1714 quotes loaded out of 1714
18-04-2020 23:00:43 1521 quotes inserted out of 1714
18-04-2020 23:01:01 Tradedate 2019-09-25: 1719 quotes loaded out of 1719
18-04-2020 23:01:01 MySQL exception: 1264 (22003): Out of range value for column 'volume' at row 1
19-04-2020 09:53:32 Tradedate 2019-09-25: 1719 quotes loaded out of 1719
19-04-2020 09:57:56 Tradedate 2019-09-25: 1719 quotes loaded out of 1719
19-04-2020 09:58:05 1523 quotes inserted out of 1719
19-04-2020 10:01:41 Tradedate 2019-09-26: 1724 quotes loaded out of 1724
19-04-2020 10:01:48 1530 quotes inserted out of 1724
19-04-2020 10:02:07 Tradedate 2019-09-27: 1725 quotes loaded out of 1725
19-04-2020 10:02:14 1531 quotes inserted out of 1725
19-04-2020 10:02:15 Tradedate 2019-09-28: 0 quotes loaded out of 0
19-04-2020 10:02:15 Tradedate 2019-09-29: 0 quotes loaded out of 0
19-04-2020 10:02:34 Tradedate 2019-09-30: 1728 quotes loaded out of 1728
19-04-2020 10:02:39 1534 quotes inserted out of 1728
19-04-2020 10:02:59 Tradedate 2019-10-01: 1728 quotes loaded out of 1728
19-04-2020 10:03:04 1534 quotes inserted out of 1728
19-04-2020 10:03:25 Tradedate 2019-10-02: 1732 quotes loaded out of 1732
19-04-2020 10:03:31 1537 quotes inserted out of 1732
19-04-2020 10:03:48 Tradedate 2019-10-03: 1729 quotes loaded out of 1729
19-04-2020 10:03:53 1535 quotes inserted out of 1729
19-04-2020 10:04:12 Tradedate 2019-10-04: 1731 quotes loaded out of 1731
19-04-2020 10:04:18 1537 quotes inserted out of 1731
19-04-2020 10:04:18 Tradedate 2019-10-05: 0 quotes loaded out of 0
19-04-2020 10:04:18 Tradedate 2019-10-06: 0 quotes loaded out of 0
19-04-2020 10:52:29 Tradedate 2019-10-07: 1730 quotes loaded out of 1730
19-04-2020 10:52:36 1536 quotes inserted out of 1730
19-04-2020 10:52:56 Tradedate 2019-10-08: 1730 quotes loaded out of 1730
19-04-2020 10:53:00 1536 quotes inserted out of 1730
19-04-2020 10:53:20 Tradedate 2019-10-09: 1735 quotes loaded out of 1735
19-04-2020 10:53:24 1537 quotes inserted out of 1735
19-04-2020 10:53:44 Tradedate 2019-10-10: 1737 quotes loaded out of 1737
19-04-2020 10:53:48 1541 quotes inserted out of 1737
19-04-2020 10:54:06 Tradedate 2019-10-11: 1735 quotes loaded out of 1735
19-04-2020 10:54:10 1540 quotes inserted out of 1735
19-04-2020 10:54:11 Tradedate 2019-10-12: 0 quotes loaded out of 0
19-04-2020 10:54:11 Tradedate 2019-10-13: 0 quotes loaded out of 0
19-04-2020 10:54:32 Tradedate 2019-10-14: 1734 quotes loaded out of 1734
19-04-2020 10:54:36 1539 quotes inserted out of 1734
19-04-2020 10:54:57 Tradedate 2019-10-15: 1735 quotes loaded out of 1735
19-04-2020 10:55:03 1539 quotes inserted out of 1735
19-04-2020 10:55:23 Tradedate 2019-10-16: 1744 quotes loaded out of 1744
19-04-2020 10:55:29 1540 quotes inserted out of 1744
19-04-2020 10:55:52 Tradedate 2019-10-17: 1736 quotes loaded out of 1736
19-04-2020 10:55:58 1536 quotes inserted out of 1736
19-04-2020 10:56:20 Tradedate 2019-10-18: 1737 quotes loaded out of 1737
19-04-2020 10:56:26 1537 quotes inserted out of 1737
19-04-2020 10:56:26 Tradedate 2019-10-19: 0 quotes loaded out of 0
19-04-2020 10:56:26 Tradedate 2019-10-20: 0 quotes loaded out of 0
19-04-2020 10:56:45 Tradedate 2019-10-21: 1734 quotes loaded out of 1734
19-04-2020 10:56:52 1535 quotes inserted out of 1734
19-04-2020 10:57:11 Tradedate 2019-10-22: 1738 quotes loaded out of 1738
19-04-2020 10:57:21 1538 quotes inserted out of 1738
19-04-2020 10:57:41 Tradedate 2019-10-23: 1745 quotes loaded out of 1745
19-04-2020 10:57:45 1543 quotes inserted out of 1745
19-04-2020 10:58:07 Tradedate 2019-10-24: 1745 quotes loaded out of 1745
19-04-2020 10:58:15 1544 quotes inserted out of 1745
19-04-2020 10:58:35 Tradedate 2019-10-25: 1745 quotes loaded out of 1745
19-04-2020 10:58:42 1544 quotes inserted out of 1745
19-04-2020 10:58:42 Tradedate 2019-10-26: 0 quotes loaded out of 0
19-04-2020 10:58:42 Tradedate 2019-10-27: 0 quotes loaded out of 0
19-04-2020 10:59:00 Tradedate 2019-10-28: 1746 quotes loaded out of 1746
19-04-2020 10:59:05 1545 quotes inserted out of 1746
19-04-2020 10:59:27 Tradedate 2019-10-29: 1748 quotes loaded out of 1748
19-04-2020 10:59:33 1547 quotes inserted out of 1748
19-04-2020 10:59:55 Tradedate 2019-10-30: 1751 quotes loaded out of 1751
19-04-2020 11:00:00 1548 quotes inserted out of 1751
19-04-2020 11:00:20 Tradedate 2019-10-31: 1750 quotes loaded out of 1750
19-04-2020 11:00:26 1549 quotes inserted out of 1750
19-04-2020 11:00:48 Tradedate 2019-11-01: 1750 quotes loaded out of 1750
19-04-2020 11:00:54 1549 quotes inserted out of 1750
19-04-2020 11:00:54 Tradedate 2019-11-02: 0 quotes loaded out of 0
19-04-2020 11:00:54 Tradedate 2019-11-03: 0 quotes loaded out of 0
19-04-2020 11:05:12 Tradedate 2019-11-04: 0 quotes loaded out of 0
19-04-2020 11:05:33 Tradedate 2019-11-05: 1751 quotes loaded out of 1751
19-04-2020 11:05:38 1549 quotes inserted out of 1751
19-04-2020 11:06:05 Tradedate 2019-11-06: 1753 quotes loaded out of 1753
19-04-2020 11:06:08 1550 quotes inserted out of 1753
19-04-2020 11:06:29 Tradedate 2019-11-07: 1755 quotes loaded out of 1755
19-04-2020 11:06:35 1553 quotes inserted out of 1755
19-04-2020 11:06:58 Tradedate 2019-11-08: 1756 quotes loaded out of 1756
19-04-2020 11:07:06 1554 quotes inserted out of 1756
19-04-2020 11:07:06 Tradedate 2019-11-09: 0 quotes loaded out of 0
19-04-2020 11:07:06 Tradedate 2019-11-10: 0 quotes loaded out of 0
19-04-2020 11:07:28 Tradedate 2019-11-11: 1760 quotes loaded out of 1760
19-04-2020 11:07:34 1559 quotes inserted out of 1760
19-04-2020 11:07:53 Tradedate 2019-11-12: 1764 quotes loaded out of 1764
19-04-2020 11:07:58 1563 quotes inserted out of 1764
19-04-2020 11:08:20 Tradedate 2019-11-13: 1769 quotes loaded out of 1769
19-04-2020 11:08:25 1566 quotes inserted out of 1769
19-04-2020 11:08:46 Tradedate 2019-11-14: 1770 quotes loaded out of 1770
19-04-2020 11:08:53 1570 quotes inserted out of 1770
19-04-2020 11:09:14 Tradedate 2019-11-15: 1777 quotes loaded out of 1777
19-04-2020 11:09:18 1575 quotes inserted out of 1777
19-04-2020 11:09:18 Tradedate 2019-11-16: 0 quotes loaded out of 0
19-04-2020 11:09:18 Tradedate 2019-11-17: 0 quotes loaded out of 0
19-04-2020 11:09:38 Tradedate 2019-11-18: 1778 quotes loaded out of 1778
19-04-2020 11:09:44 1575 quotes inserted out of 1778
19-04-2020 11:10:02 Tradedate 2019-11-19: 1784 quotes loaded out of 1784
19-04-2020 11:10:08 1579 quotes inserted out of 1784
19-04-2020 11:10:31 Tradedate 2019-11-20: 1786 quotes loaded out of 1786
19-04-2020 11:10:36 1580 quotes inserted out of 1786
19-04-2020 11:11:03 Tradedate 2019-11-21: 1783 quotes loaded out of 1783
19-04-2020 11:11:09 1579 quotes inserted out of 1783
19-04-2020 11:11:31 Tradedate 2019-11-22: 1786 quotes loaded out of 1786
19-04-2020 11:11:38 1582 quotes inserted out of 1786
19-04-2020 11:11:38 Tradedate 2019-11-23: 0 quotes loaded out of 0
19-04-2020 11:11:38 Tradedate 2019-11-24: 0 quotes loaded out of 0
19-04-2020 11:11:58 Tradedate 2019-11-25: 1782 quotes loaded out of 1782
19-04-2020 11:12:04 1578 quotes inserted out of 1782
19-04-2020 11:12:27 Tradedate 2019-11-26: 1785 quotes loaded out of 1785
19-04-2020 11:12:34 1581 quotes inserted out of 1785
19-04-2020 11:12:56 Tradedate 2019-11-27: 1787 quotes loaded out of 1787
19-04-2020 11:13:01 1582 quotes inserted out of 1787
19-04-2020 11:13:25 Tradedate 2019-11-28: 1788 quotes loaded out of 1788
19-04-2020 11:13:28 1584 quotes inserted out of 1788
19-04-2020 11:13:49 Tradedate 2019-11-29: 1788 quotes loaded out of 1788
19-04-2020 11:13:55 1584 quotes inserted out of 1788
19-04-2020 11:13:55 Tradedate 2019-11-30: 0 quotes loaded out of 0
19-04-2020 11:13:55 Tradedate 2019-12-01: 0 quotes loaded out of 0
19-04-2020 11:42:09 Tradedate 2019-12-02: 1787 quotes loaded out of 1787
19-04-2020 11:42:13 1582 quotes inserted out of 1787
19-04-2020 11:42:41 Tradedate 2019-12-03: 1794 quotes loaded out of 1794
19-04-2020 11:42:47 1588 quotes inserted out of 1794
19-04-2020 11:43:10 Tradedate 2019-12-04: 1801 quotes loaded out of 1801
19-04-2020 11:43:16 1592 quotes inserted out of 1801
19-04-2020 11:43:37 Tradedate 2019-12-05: 1798 quotes loaded out of 1798
19-04-2020 11:43:45 1591 quotes inserted out of 1798
19-04-2020 11:44:05 Tradedate 2019-12-06: 1800 quotes loaded out of 1800
19-04-2020 11:44:13 1593 quotes inserted out of 1800
19-04-2020 11:44:13 Tradedate 2019-12-07: 0 quotes loaded out of 0
19-04-2020 11:44:13 Tradedate 2019-12-08: 0 quotes loaded out of 0
19-04-2020 11:44:34 Tradedate 2019-12-09: 1800 quotes loaded out of 1800
19-04-2020 11:44:39 1593 quotes inserted out of 1800
19-04-2020 11:45:01 Tradedate 2019-12-10: 1803 quotes loaded out of 1803
19-04-2020 11:45:05 1595 quotes inserted out of 1803
19-04-2020 11:45:33 Tradedate 2019-12-11: 1809 quotes loaded out of 1809
19-04-2020 11:45:39 1600 quotes inserted out of 1809
19-04-2020 11:46:00 Tradedate 2019-12-12: 1808 quotes loaded out of 1808
19-04-2020 11:46:07 1602 quotes inserted out of 1808
19-04-2020 11:46:27 Tradedate 2019-12-13: 1815 quotes loaded out of 1815
19-04-2020 11:46:34 1607 quotes inserted out of 1815
19-04-2020 11:46:34 Tradedate 2019-12-14: 0 quotes loaded out of 0
19-04-2020 11:46:34 Tradedate 2019-12-15: 0 quotes loaded out of 0
19-04-2020 11:46:56 Tradedate 2019-12-16: 1816 quotes loaded out of 1816
19-04-2020 11:47:00 1606 quotes inserted out of 1816
19-04-2020 11:47:23 Tradedate 2019-12-17: 1821 quotes loaded out of 1821
19-04-2020 11:47:29 1610 quotes inserted out of 1821
19-04-2020 11:47:48 Tradedate 2019-12-18: 1826 quotes loaded out of 1826
19-04-2020 11:47:54 1613 quotes inserted out of 1826
19-04-2020 11:48:17 Tradedate 2019-12-19: 1829 quotes loaded out of 1829
19-04-2020 11:48:24 1619 quotes inserted out of 1829
19-04-2020 11:48:45 Tradedate 2019-12-20: 1830 quotes loaded out of 1830
19-04-2020 11:48:53 1619 quotes inserted out of 1830
19-04-2020 11:48:53 Tradedate 2019-12-21: 0 quotes loaded out of 0
19-04-2020 11:48:53 Tradedate 2019-12-22: 0 quotes loaded out of 0
19-04-2020 11:49:20 Tradedate 2019-12-23: 1830 quotes loaded out of 1830
19-04-2020 11:49:25 1619 quotes inserted out of 1830
19-04-2020 11:49:47 Tradedate 2019-12-24: 1837 quotes loaded out of 1837
19-04-2020 11:49:55 1625 quotes inserted out of 1837
19-04-2020 11:50:17 Tradedate 2019-12-25: 1841 quotes loaded out of 1841
19-04-2020 11:50:23 1629 quotes inserted out of 1841
19-04-2020 11:50:44 Tradedate 2019-12-26: 1843 quotes loaded out of 1843
19-04-2020 11:50:51 1632 quotes inserted out of 1843
19-04-2020 11:51:12 Tradedate 2019-12-27: 1846 quotes loaded out of 1846
19-04-2020 11:51:20 1635 quotes inserted out of 1846
19-04-2020 11:51:21 Tradedate 2019-12-28: 0 quotes loaded out of 0
19-04-2020 11:51:21 Tradedate 2019-12-29: 0 quotes loaded out of 0
19-04-2020 11:51:44 Tradedate 2019-12-30: 1841 quotes loaded out of 1841
19-04-2020 11:51:51 1629 quotes inserted out of 1841
19-04-2020 11:51:51 Tradedate 2019-12-31: 0 quotes loaded out of 0
19-04-2020 12:02:06 Tradedate 2020-01-03: 1840 quotes loaded out of 1840
19-04-2020 12:02:15 1629 quotes inserted out of 1840
19-04-2020 12:02:15 Tradedate 2020-01-04: 0 quotes loaded out of 0
19-04-2020 12:02:15 Tradedate 2020-01-05: 0 quotes loaded out of 0
19-04-2020 12:02:41 Tradedate 2020-01-06: 1840 quotes loaded out of 1840
19-04-2020 12:02:48 1629 quotes inserted out of 1840
19-04-2020 12:02:48 Tradedate 2020-01-07: 0 quotes loaded out of 0
19-04-2020 12:03:15 Tradedate 2020-01-08: 1840 quotes loaded out of 1840
19-04-2020 12:03:22 1629 quotes inserted out of 1840
19-04-2020 12:03:43 Tradedate 2020-01-09: 1841 quotes loaded out of 1841
19-04-2020 12:03:52 1629 quotes inserted out of 1841
19-04-2020 12:04:18 Tradedate 2020-01-10: 1840 quotes loaded out of 1840
19-04-2020 12:04:23 1629 quotes inserted out of 1840
19-04-2020 12:04:23 Tradedate 2020-01-11: 0 quotes loaded out of 0
19-04-2020 12:04:23 Tradedate 2020-01-12: 0 quotes loaded out of 0
19-04-2020 12:04:45 Tradedate 2020-01-13: 1840 quotes loaded out of 1840
19-04-2020 12:04:53 1629 quotes inserted out of 1840
19-04-2020 12:05:18 Tradedate 2020-01-14: 1844 quotes loaded out of 1844
19-04-2020 12:05:24 1631 quotes inserted out of 1844
19-04-2020 12:05:50 Tradedate 2020-01-15: 1847 quotes loaded out of 1847
19-04-2020 12:05:57 1632 quotes inserted out of 1847
19-04-2020 12:06:21 Tradedate 2020-01-16: 1843 quotes loaded out of 1843
19-04-2020 12:06:29 1631 quotes inserted out of 1843
19-04-2020 12:06:51 Tradedate 2020-01-17: 1842 quotes loaded out of 1842
19-04-2020 12:06:57 1630 quotes inserted out of 1842
19-04-2020 12:06:58 Tradedate 2020-01-18: 0 quotes loaded out of 0
19-04-2020 12:06:58 Tradedate 2020-01-19: 0 quotes loaded out of 0
19-04-2020 12:07:24 Tradedate 2020-01-20: 1842 quotes loaded out of 1842
19-04-2020 12:07:32 1629 quotes inserted out of 1842
19-04-2020 12:07:55 Tradedate 2020-01-21: 1847 quotes loaded out of 1847
19-04-2020 12:08:03 1633 quotes inserted out of 1847
19-04-2020 12:08:26 Tradedate 2020-01-22: 1847 quotes loaded out of 1847
19-04-2020 12:08:33 1632 quotes inserted out of 1847
19-04-2020 12:08:55 Tradedate 2020-01-23: 1845 quotes loaded out of 1845
19-04-2020 12:09:01 1633 quotes inserted out of 1845
19-04-2020 12:09:24 Tradedate 2020-01-24: 1846 quotes loaded out of 1846
19-04-2020 12:09:30 1633 quotes inserted out of 1846
19-04-2020 12:09:30 Tradedate 2020-01-25: 0 quotes loaded out of 0
19-04-2020 12:09:30 Tradedate 2020-01-26: 0 quotes loaded out of 0
19-04-2020 12:09:56 Tradedate 2020-01-27: 1844 quotes loaded out of 1844
19-04-2020 12:10:04 1631 quotes inserted out of 1844
19-04-2020 12:10:28 Tradedate 2020-01-28: 1848 quotes loaded out of 1848
19-04-2020 12:10:35 1633 quotes inserted out of 1848
19-04-2020 12:10:59 Tradedate 2020-01-29: 1853 quotes loaded out of 1853
19-04-2020 12:11:05 1636 quotes inserted out of 1853
19-04-2020 12:11:28 Tradedate 2020-01-30: 1852 quotes loaded out of 1852
19-04-2020 12:11:34 1638 quotes inserted out of 1852
19-04-2020 12:11:56 Tradedate 2020-01-31: 1855 quotes loaded out of 1855
19-04-2020 12:12:02 1640 quotes inserted out of 1855
19-04-2020 12:12:02 Tradedate 2020-02-01: 0 quotes loaded out of 0
19-04-2020 12:12:03 Tradedate 2020-02-02: 0 quotes loaded out of 0
19-04-2020 12:31:57 Tradedate 2020-02-03: 1848 quotes loaded out of 1848
19-04-2020 12:32:02 1633 quotes inserted out of 1848
19-04-2020 12:32:25 Tradedate 2020-02-04: 1850 quotes loaded out of 1850
19-04-2020 12:32:33 1633 quotes inserted out of 1850
19-04-2020 12:32:58 Tradedate 2020-02-05: 1854 quotes loaded out of 1854
19-04-2020 12:33:05 1635 quotes inserted out of 1854
19-04-2020 12:33:29 Tradedate 2020-02-06: 1853 quotes loaded out of 1853
19-04-2020 12:33:36 1637 quotes inserted out of 1853
19-04-2020 12:33:59 Tradedate 2020-02-07: 1853 quotes loaded out of 1853
19-04-2020 12:34:08 1638 quotes inserted out of 1853
19-04-2020 12:34:08 Tradedate 2020-02-08: 0 quotes loaded out of 0
19-04-2020 12:34:09 Tradedate 2020-02-09: 0 quotes loaded out of 0
19-04-2020 12:34:35 Tradedate 2020-02-10: 1855 quotes loaded out of 1855
19-04-2020 12:34:41 1639 quotes inserted out of 1855
19-04-2020 12:35:03 Tradedate 2020-02-11: 1861 quotes loaded out of 1861
19-04-2020 12:35:10 1643 quotes inserted out of 1861
19-04-2020 12:35:34 Tradedate 2020-02-12: 1864 quotes loaded out of 1864
19-04-2020 12:35:41 1644 quotes inserted out of 1864
19-04-2020 12:36:02 Tradedate 2020-02-13: 1860 quotes loaded out of 1860
19-04-2020 12:36:08 1644 quotes inserted out of 1860
19-04-2020 12:36:34 Tradedate 2020-02-14: 1863 quotes loaded out of 1863
19-04-2020 12:36:42 1646 quotes inserted out of 1863
19-04-2020 12:36:42 Tradedate 2020-02-15: 0 quotes loaded out of 0
19-04-2020 12:36:42 Tradedate 2020-02-16: 0 quotes loaded out of 0
19-04-2020 12:37:12 Tradedate 2020-02-17: 1861 quotes loaded out of 1861
19-04-2020 12:37:20 1644 quotes inserted out of 1861
19-04-2020 12:37:45 Tradedate 2020-02-18: 1870 quotes loaded out of 1870
19-04-2020 12:37:52 1649 quotes inserted out of 1870
19-04-2020 12:38:18 Tradedate 2020-02-19: 1876 quotes loaded out of 1876
19-04-2020 12:38:26 1652 quotes inserted out of 1876
19-04-2020 12:38:49 Tradedate 2020-02-20: 1873 quotes loaded out of 1873
19-04-2020 12:38:53 1654 quotes inserted out of 1873
19-04-2020 12:39:17 Tradedate 2020-02-21: 1873 quotes loaded out of 1873
19-04-2020 12:39:22 1655 quotes inserted out of 1873
19-04-2020 12:39:22 Tradedate 2020-02-22: 0 quotes loaded out of 0
19-04-2020 12:39:22 Tradedate 2020-02-23: 0 quotes loaded out of 0
19-04-2020 12:39:22 Tradedate 2020-02-24: 0 quotes loaded out of 0
19-04-2020 12:39:47 Tradedate 2020-02-25: 1874 quotes loaded out of 1874
19-04-2020 12:39:52 1656 quotes inserted out of 1874
19-04-2020 12:40:18 Tradedate 2020-02-26: 1875 quotes loaded out of 1875
19-04-2020 12:40:28 1654 quotes inserted out of 1875
19-04-2020 12:40:51 Tradedate 2020-02-27: 1876 quotes loaded out of 1876
19-04-2020 12:40:59 1657 quotes inserted out of 1876
19-04-2020 12:41:22 Tradedate 2020-02-28: 1876 quotes loaded out of 1876
19-04-2020 12:41:26 1657 quotes inserted out of 1876
19-04-2020 12:41:27 Tradedate 2020-02-29: 0 quotes loaded out of 0
19-04-2020 12:41:27 Tradedate 2020-03-01: 0 quotes loaded out of 0
19-04-2020 13:44:36 Tradedate 2020-03-02: 1877 quotes loaded out of 1877
19-04-2020 13:44:45 1657 quotes inserted out of 1877
19-04-2020 13:45:07 Tradedate 2020-03-03: 1887 quotes loaded out of 1887
19-04-2020 13:45:18 1665 quotes inserted out of 1887
19-04-2020 13:45:40 Tradedate 2020-03-04: 1888 quotes loaded out of 1888
19-04-2020 13:45:48 1666 quotes inserted out of 1888
19-04-2020 13:46:10 Tradedate 2020-03-05: 1888 quotes loaded out of 1888
19-04-2020 13:46:18 1668 quotes inserted out of 1888
19-04-2020 13:46:42 Tradedate 2020-03-06: 1887 quotes loaded out of 1887
19-04-2020 13:46:49 1667 quotes inserted out of 1887
19-04-2020 13:46:49 Tradedate 2020-03-07: 0 quotes loaded out of 0
19-04-2020 13:46:49 Tradedate 2020-03-08: 0 quotes loaded out of 0
19-04-2020 13:46:49 Tradedate 2020-03-09: 0 quotes loaded out of 0
19-04-2020 13:47:11 Tradedate 2020-03-10: 1892 quotes loaded out of 1892
19-04-2020 13:47:20 1668 quotes inserted out of 1892
19-04-2020 13:47:48 Tradedate 2020-03-11: 1896 quotes loaded out of 1896
19-04-2020 13:47:55 1671 quotes inserted out of 1896
19-04-2020 13:48:15 Tradedate 2020-03-12: 1889 quotes loaded out of 1889
19-04-2020 13:48:23 1667 quotes inserted out of 1889
19-04-2020 13:48:47 Tradedate 2020-03-13: 1889 quotes loaded out of 1889
19-04-2020 13:48:52 1667 quotes inserted out of 1889
19-04-2020 13:48:53 Tradedate 2020-03-14: 0 quotes loaded out of 0
19-04-2020 13:48:53 Tradedate 2020-03-15: 0 quotes loaded out of 0
19-04-2020 13:49:15 Tradedate 2020-03-16: 1890 quotes loaded out of 1890
19-04-2020 13:49:25 1668 quotes inserted out of 1890
19-04-2020 13:49:48 Tradedate 2020-03-17: 1897 quotes loaded out of 1897
19-04-2020 13:49:55 1672 quotes inserted out of 1897
19-04-2020 13:50:19 Tradedate 2020-03-18: 1896 quotes loaded out of 1896
19-04-2020 13:50:26 1671 quotes inserted out of 1896
19-04-2020 13:50:50 Tradedate 2020-03-19: 1893 quotes loaded out of 1893
19-04-2020 13:50:56 1671 quotes inserted out of 1893
19-04-2020 13:51:21 Tradedate 2020-03-20: 1893 quotes loaded out of 1893
19-04-2020 13:51:28 1671 quotes inserted out of 1893
19-04-2020 13:51:29 Tradedate 2020-03-21: 0 quotes loaded out of 0
19-04-2020 13:51:29 Tradedate 2020-03-22: 0 quotes loaded out of 0
19-04-2020 13:51:54 Tradedate 2020-03-23: 1892 quotes loaded out of 1892
19-04-2020 13:52:01 1670 quotes inserted out of 1892
19-04-2020 13:52:29 Tradedate 2020-03-24: 1895 quotes loaded out of 1895
19-04-2020 13:52:37 1670 quotes inserted out of 1895
19-04-2020 13:53:02 Tradedate 2020-03-25: 1895 quotes loaded out of 1895
19-04-2020 13:53:09 1669 quotes inserted out of 1895
19-04-2020 13:53:37 Tradedate 2020-03-26: 1893 quotes loaded out of 1893
19-04-2020 13:53:48 1669 quotes inserted out of 1893
19-04-2020 13:54:09 Tradedate 2020-03-27: 1892 quotes loaded out of 1892
19-04-2020 13:54:18 1668 quotes inserted out of 1892
19-04-2020 13:54:18 Tradedate 2020-03-28: 0 quotes loaded out of 0
19-04-2020 13:54:18 Tradedate 2020-03-29: 0 quotes loaded out of 0
19-04-2020 14:05:21 Tradedate 2020-03-30: 1887 quotes loaded out of 1887
19-04-2020 14:05:31 1662 quotes inserted out of 1887
19-04-2020 14:05:54 Tradedate 2020-03-31: 1895 quotes loaded out of 1895
19-04-2020 14:06:05 1667 quotes inserted out of 1895
19-04-2020 14:06:32 Tradedate 2020-04-01: 1900 quotes loaded out of 1900
19-04-2020 14:06:41 1672 quotes inserted out of 1900
19-04-2020 14:07:04 Tradedate 2020-04-02: 1897 quotes loaded out of 1897
19-04-2020 14:07:13 1672 quotes inserted out of 1897
19-04-2020 14:07:38 Tradedate 2020-04-03: 1895 quotes loaded out of 1895
19-04-2020 14:07:47 1670 quotes inserted out of 1895
19-04-2020 14:07:47 Tradedate 2020-04-04: 0 quotes loaded out of 0
19-04-2020 14:07:48 Tradedate 2020-04-05: 0 quotes loaded out of 0
19-04-2020 14:08:12 Tradedate 2020-04-06: 1894 quotes loaded out of 1894
19-04-2020 14:08:20 1670 quotes inserted out of 1894
19-04-2020 14:08:41 Tradedate 2020-04-07: 1896 quotes loaded out of 1896
19-04-2020 14:08:48 1669 quotes inserted out of 1896
19-04-2020 14:09:14 Tradedate 2020-04-08: 1898 quotes loaded out of 1898
19-04-2020 14:09:27 1668 quotes inserted out of 1898
19-04-2020 14:09:51 Tradedate 2020-04-09: 1892 quotes loaded out of 1892
19-04-2020 14:09:59 1667 quotes inserted out of 1892
19-04-2020 14:10:22 Tradedate 2020-04-10: 1893 quotes loaded out of 1893
19-04-2020 14:10:33 1668 quotes inserted out of 1893
19-04-2020 14:10:33 Tradedate 2020-04-11: 0 quotes loaded out of 0
19-04-2020 14:10:33 Tradedate 2020-04-12: 0 quotes loaded out of 0
Updating bondinfo database...13-06-2020
Updating bondinfo database...13-06-2020
Updating bondinfo database...13-06-2020
14-06-2020 09:25:35 Tradedate 2020-04-15: 1901 quotes loaded out of 1901
14-06-2020 09:25:40 1668 quotes inserted out of 1901
14-06-2020 09:28:45 Tradedate 2020-04-16: 1897 quotes loaded out of 1897
14-06-2020 09:28:52 1669 quotes inserted out of 1897
14-06-2020 09:29:14 Tradedate 2020-04-17: 1896 quotes loaded out of 1896
14-06-2020 09:29:19 1668 quotes inserted out of 1896
14-06-2020 09:29:19 Tradedate 2020-04-18: 0 quotes loaded out of 0
14-06-2020 09:29:19 Tradedate 2020-04-19: 0 quotes loaded out of 0
14-06-2020 09:29:38 Tradedate 2020-04-20: 1895 quotes loaded out of 1895
14-06-2020 09:29:44 1667 quotes inserted out of 1895
14-06-2020 09:30:07 Tradedate 2020-04-21: 1904 quotes loaded out of 1904
14-06-2020 09:30:13 1671 quotes inserted out of 1904
14-06-2020 09:30:36 Tradedate 2020-04-22: 1903 quotes loaded out of 1903
14-06-2020 09:30:46 1668 quotes inserted out of 1903
14-06-2020 09:31:07 Tradedate 2020-04-23: 1906 quotes loaded out of 1906
14-06-2020 09:31:13 1674 quotes inserted out of 1906
14-06-2020 09:31:34 Tradedate 2020-04-24: 1907 quotes loaded out of 1907
14-06-2020 09:31:41 1675 quotes inserted out of 1907
14-06-2020 09:31:41 Tradedate 2020-04-25: 0 quotes loaded out of 0
14-06-2020 09:31:41 Tradedate 2020-04-26: 0 quotes loaded out of 0
14-06-2020 09:32:01 Tradedate 2020-04-27: 1907 quotes loaded out of 1907
14-06-2020 09:32:07 1675 quotes inserted out of 1907
14-06-2020 09:32:29 Tradedate 2020-04-28: 1910 quotes loaded out of 1910
14-06-2020 09:32:36 1675 quotes inserted out of 1910
14-06-2020 09:33:01 Tradedate 2020-04-29: 1912 quotes loaded out of 1912
14-06-2020 09:33:08 1676 quotes inserted out of 1912
14-06-2020 09:44:38 Tradedate 2020-04-30: 1904 quotes loaded out of 1904
14-06-2020 09:44:44 1676 quotes inserted out of 1904
14-06-2020 09:49:14 Tradedate 2020-05-04: 1904 quotes loaded out of 1904
14-06-2020 09:49:19 1676 quotes inserted out of 1904
14-06-2020 09:49:42 Tradedate 2020-05-05: 1903 quotes loaded out of 1903
14-06-2020 09:49:47 1676 quotes inserted out of 1903
14-06-2020 09:50:13 Tradedate 2020-05-06: 1905 quotes loaded out of 1905
14-06-2020 09:50:17 1675 quotes inserted out of 1905
14-06-2020 09:50:41 Tradedate 2020-05-07: 1905 quotes loaded out of 1905
14-06-2020 09:50:47 1677 quotes inserted out of 1905
14-06-2020 09:51:10 Tradedate 2020-05-08: 1908 quotes loaded out of 1908
14-06-2020 09:51:16 1679 quotes inserted out of 1908
14-06-2020 09:51:16 Tradedate 2020-05-09: 0 quotes loaded out of 0
14-06-2020 09:51:16 Tradedate 2020-05-10: 0 quotes loaded out of 0
14-06-2020 09:51:17 Tradedate 2020-05-11: 0 quotes loaded out of 0
14-06-2020 09:51:36 Tradedate 2020-05-12: 1906 quotes loaded out of 1906
14-06-2020 09:51:42 1676 quotes inserted out of 1906
14-06-2020 09:52:08 Tradedate 2020-05-13: 1909 quotes loaded out of 1909
14-06-2020 09:52:14 1677 quotes inserted out of 1909
14-06-2020 09:52:41 Tradedate 2020-05-14: 1910 quotes loaded out of 1910
14-06-2020 09:52:48 1680 quotes inserted out of 1910
14-06-2020 09:53:13 Tradedate 2020-05-15: 1910 quotes loaded out of 1910
14-06-2020 09:53:18 1680 quotes inserted out of 1910
14-06-2020 09:53:19 Tradedate 2020-05-16: 0 quotes loaded out of 0
14-06-2020 09:53:19 Tradedate 2020-05-17: 0 quotes loaded out of 0
14-06-2020 09:53:45 Tradedate 2020-05-18: 1910 quotes loaded out of 1910
14-06-2020 09:53:51 1680 quotes inserted out of 1910
14-06-2020 09:54:17 Tradedate 2020-05-19: 1911 quotes loaded out of 1911
14-06-2020 09:54:23 1681 quotes inserted out of 1911
14-06-2020 09:54:45 Tradedate 2020-05-20: 1916 quotes loaded out of 1916
14-06-2020 09:54:49 1683 quotes inserted out of 1916
14-06-2020 09:55:19 Tradedate 2020-05-21: 1914 quotes loaded out of 1914
14-06-2020 09:55:24 1683 quotes inserted out of 1914
14-06-2020 09:55:47 Tradedate 2020-05-22: 1918 quotes loaded out of 1918
14-06-2020 09:55:52 1688 quotes inserted out of 1918
14-06-2020 09:55:52 Tradedate 2020-05-23: 0 quotes loaded out of 0
14-06-2020 09:55:52 Tradedate 2020-05-24: 0 quotes loaded out of 0
14-06-2020 10:22:37 Tradedate 2020-05-25: 1918 quotes loaded out of 1918
14-06-2020 10:22:43 1688 quotes inserted out of 1918
14-06-2020 10:26:09 Tradedate 2020-05-26: 1921 quotes loaded out of 1921
14-06-2020 10:26:15 1691 quotes inserted out of 1921
14-06-2020 10:26:40 Tradedate 2020-05-27: 1925 quotes loaded out of 1925
14-06-2020 10:26:45 1693 quotes inserted out of 1925
14-06-2020 10:27:05 Tradedate 2020-05-28: 1924 quotes loaded out of 1924
14-06-2020 10:27:11 1695 quotes inserted out of 1924
14-06-2020 10:27:35 Tradedate 2020-05-29: 1929 quotes loaded out of 1929
14-06-2020 10:27:42 1700 quotes inserted out of 1929
14-06-2020 10:27:42 Tradedate 2020-05-30: 0 quotes loaded out of 0
14-06-2020 10:27:42 Tradedate 2020-05-31: 0 quotes loaded out of 0
14-06-2020 10:28:06 Tradedate 2020-06-01: 1930 quotes loaded out of 1930
14-06-2020 10:28:12 1700 quotes inserted out of 1930
14-06-2020 10:28:41 Tradedate 2020-06-02: 1934 quotes loaded out of 1934
14-06-2020 10:28:47 1704 quotes inserted out of 1934
14-06-2020 10:29:13 Tradedate 2020-06-03: 1937 quotes loaded out of 1937
14-06-2020 10:29:19 1704 quotes inserted out of 1937
14-06-2020 10:29:43 Tradedate 2020-06-04: 1938 quotes loaded out of 1938
14-06-2020 10:29:50 1707 quotes inserted out of 1938
14-06-2020 10:30:10 Tradedate 2020-06-05: 1940 quotes loaded out of 1940
14-06-2020 10:30:19 1709 quotes inserted out of 1940
14-06-2020 10:30:19 Tradedate 2020-06-06: 0 quotes loaded out of 0
14-06-2020 10:30:20 Tradedate 2020-06-07: 0 quotes loaded out of 0
14-06-2020 10:30:44 Tradedate 2020-06-08: 1939 quotes loaded out of 1939
14-06-2020 10:30:49 1708 quotes inserted out of 1939
14-06-2020 10:31:14 Tradedate 2020-06-09: 1944 quotes loaded out of 1944
14-06-2020 10:31:20 1713 quotes inserted out of 1944
14-06-2020 10:31:42 Tradedate 2020-06-10: 1954 quotes loaded out of 1954
14-06-2020 10:31:49 1717 quotes inserted out of 1954
14-06-2020 10:32:15 Tradedate 2020-06-11: 1952 quotes loaded out of 1952
14-06-2020 10:32:21 1718 quotes inserted out of 1952
14-06-2020 10:32:21 Tradedate 2020-06-12: 0 quotes loaded out of 0
14-06-2020 10:32:21 Tradedate 2020-06-13: 0 quotes loaded out of 0
14-06-2020 10:32:22 Tradedate 2020-06-14: 0 quotes loaded out of 0
Updating bondinfo database...15-06-2020
Updating bondinfo database...16-06-2020
16-06-2020 21:02:05 Tradedate 2020-06-15: 1945 quotes loaded out of 1945
16-06-2020 21:02:12 1713 quotes inserted out of 1945
Updating bondinfo database...19-06-2020
19-06-2020 20:53:27 Records processed: 1958
19-06-2020 20:53:27 Bonds created: 14
19-06-2020 20:53:27 Bonds updated: 866
19-06-2020 20:53:27 Bonds unchanged: 840
19-06-2020 20:53:27 Bonds marked as matured: 44
19-06-2020 20:53:27 Eurobonds: 43
19-06-2020 20:53:27 Bonds duplicated: 0
19-06-2020 21:08:06 Tradedate 2020-06-16: 1954 quotes loaded out of 1954
19-06-2020 21:08:14 1721 quotes inserted out of 1954
19-06-2020 21:08:42 Tradedate 2020-06-17: 1956 quotes loaded out of 1956
19-06-2020 21:08:53 1719 quotes inserted out of 1956
19-06-2020 21:09:25 Tradedate 2020-06-18: 1955 quotes loaded out of 1955
19-06-2020 21:09:34 1720 quotes inserted out of 1955
Updating bondinfo database...02-07-2020
Updating bondinfo database...02-07-2020
Updating bondinfo database...02-07-2020
02-07-2020 19:37:41 Records processed: 2011
02-07-2020 19:37:41 Bonds created: 55
02-07-2020 19:37:41 Bonds updated: 146
02-07-2020 19:37:41 Bonds unchanged: 1427
02-07-2020 19:37:41 Bonds marked as matured: 14
02-07-2020 19:37:41 Eurobonds: 43
02-07-2020 19:37:41 Bonds duplicated: 0
02-07-2020 20:55:43 Tradedate 2020-06-19: 1955 quotes loaded out of 1955
02-07-2020 20:55:50 1721 quotes inserted out of 1955
02-07-2020 20:55:50 Tradedate 2020-06-20: 0 quotes loaded out of 0
02-07-2020 20:55:50 Tradedate 2020-06-21: 0 quotes loaded out of 0
02-07-2020 20:56:01 Tradedate 2020-06-22: 2007 quotes loaded out of 2007
02-07-2020 20:56:09 1680 quotes inserted out of 2007
02-07-2020 20:56:17 Tradedate 2020-06-23: 2015 quotes loaded out of 2015
02-07-2020 20:56:24 1684 quotes inserted out of 2015
02-07-2020 20:56:24 Tradedate 2020-06-24: 0 quotes loaded out of 0
02-07-2020 20:56:32 Tradedate 2020-06-25: 1943 quotes loaded out of 1943
02-07-2020 20:56:39 1614 quotes inserted out of 1943
02-07-2020 20:56:46 Tradedate 2020-06-26: 1950 quotes loaded out of 1950
02-07-2020 20:56:54 1620 quotes inserted out of 1950
02-07-2020 20:56:54 Tradedate 2020-06-27: 0 quotes loaded out of 0
02-07-2020 20:56:54 Tradedate 2020-06-28: 0 quotes loaded out of 0
02-07-2020 20:57:06 Tradedate 2020-06-29: 1953 quotes loaded out of 1953
02-07-2020 20:57:12 1622 quotes inserted out of 1953
02-07-2020 20:57:22 Tradedate 2020-06-30: 1961 quotes loaded out of 1961
02-07-2020 20:57:28 1629 quotes inserted out of 1961
02-07-2020 20:57:28 Tradedate 2020-07-01: 0 quotes loaded out of 0
Updating bondinfo database...03-07-2020
03-07-2020 21:56:54 Records processed: 2011
03-07-2020 21:56:54 Bonds created: 2
03-07-2020 21:56:54 Bonds updated: 20
03-07-2020 21:56:54 Bonds unchanged: 1606
03-07-2020 21:56:54 Bonds marked as matured: 1
03-07-2020 21:56:54 Eurobonds: 43
03-07-2020 21:56:54 Bonds duplicated: 0
03-07-2020 22:05:58 Tradedate 2020-07-02: 1960 quotes loaded out of 1960
03-07-2020 22:06:03 1629 quotes inserted out of 1960
TQCBEQDBTQODEQEOEQOBTQOBTQDBSPOBTQCB
EQDB
TQOD
EQEO
EQOB
TQOB
TQDB
SPOB

TQCB
TQIR
TQRD
TQOD
TQIU
TQOE
TQOB
Boards at 2020-06-18:
TQCB
EQDB
TQOD
EQEO
EQOB
TQOB
TQDB
SPOB
Boards at 2020-07-02:
TQCB
TQIR
TQRD
TQOD
TQIU
TQOE
TQOB
Boards at 2020-06-19:
TQCB
EQDB
TQOD
EQEO
EQOB
TQOB
TQDB
SPOB
Boards at 2020-06-22:
TQCB
TQIR
TQRD
TQOD
TQIU
TQOE
TQOB
Updating bondinfo database...06-07-2020
Updating bondinfo database...06-07-2020
Updating bondinfo database...07-07-2020
07-07-2020 21:59:07 Records processed: 2011
07-07-2020 21:59:07 Bonds created: 5
07-07-2020 21:59:07 Bonds updated: 57
07-07-2020 21:59:07 Bonds unchanged: 1702
07-07-2020 21:59:07 Bonds marked as matured: 3
07-07-2020 21:59:07 Eurobonds: 43
07-07-2020 21:59:07 Bonds duplicated: 0
07-07-2020 22:34:07 Tradedate 2020-06-22: 2007 quotes loaded out of 2007
08-07-2020 19:08:02 Tradedate 2020-06-22: 2007 quotes loaded out of 2007
08-07-2020 19:08:11 1742 quotes inserted out of 2007
08-07-2020 19:08:21 Tradedate 2020-06-23: 2015 quotes loaded out of 2015
08-07-2020 19:08:35 1747 quotes inserted out of 2015
Updating bondinfo database...08-07-2020
08-07-2020 20:36:11 Records processed: 2012
08-07-2020 20:36:11 Bonds created: 1
08-07-2020 20:36:11 Bonds updated: 28
08-07-2020 20:36:11 Bonds unchanged: 1735
08-07-2020 20:36:11 Bonds marked as matured: 0
08-07-2020 20:36:11 Eurobonds: 43
08-07-2020 20:36:11 Bonds duplicated: 0
08-07-2020 21:10:27 Tradedate 2020-06-25: 1943 quotes loaded out of 1943
08-07-2020 21:10:36 1750 quotes inserted out of 1943
08-07-2020 21:10:44 Tradedate 2020-06-26: 1950 quotes loaded out of 1950
08-07-2020 21:10:52 1756 quotes inserted out of 1950
08-07-2020 21:10:52 Tradedate 2020-06-27: 0 quotes loaded out of 0
08-07-2020 21:10:52 Tradedate 2020-06-28: 0 quotes loaded out of 0
08-07-2020 21:11:01 Tradedate 2020-06-29: 1953 quotes loaded out of 1953
08-07-2020 21:11:10 1759 quotes inserted out of 1953
08-07-2020 21:11:19 Tradedate 2020-06-30: 1961 quotes loaded out of 1961
08-07-2020 21:11:26 1766 quotes inserted out of 1961
08-07-2020 21:11:26 Tradedate 2020-07-01: 0 quotes loaded out of 0
08-07-2020 21:11:35 Tradedate 2020-07-02: 1960 quotes loaded out of 1960
08-07-2020 21:11:44 1765 quotes inserted out of 1960
08-07-2020 21:11:52 Tradedate 2020-07-03: 1960 quotes loaded out of 1960
08-07-2020 21:12:00 1764 quotes inserted out of 1960
08-07-2020 21:12:00 Tradedate 2020-07-04: 0 quotes loaded out of 0
08-07-2020 21:12:00 Tradedate 2020-07-05: 0 quotes loaded out of 0
08-07-2020 21:12:11 Tradedate 2020-07-06: 1956 quotes loaded out of 1956
08-07-2020 21:12:19 1761 quotes inserted out of 1956
08-07-2020 21:12:27 Tradedate 2020-07-07: 1960 quotes loaded out of 1960
08-07-2020 21:12:34 1764 quotes inserted out of 1960
Updating bondinfo database...09-07-2020
09-07-2020 23:09:15 Records processed: 2014
09-07-2020 23:09:15 Bonds created: 3
09-07-2020 23:09:15 Bonds updated: 29
09-07-2020 23:09:15 Bonds unchanged: 1735
09-07-2020 23:09:15 Bonds marked as matured: 0
09-07-2020 23:09:15 Eurobonds: 43
09-07-2020 23:09:15 Bonds duplicated: 0
09-07-2020 23:14:46 Tradedate 2020-07-08: 1961 quotes loaded out of 1961
09-07-2020 23:14:54 1764 quotes inserted out of 1961
09-07-2020 23:15:01 Tradedate 2020-07-09: 1963 quotes loaded out of 1963
09-07-2020 23:15:08 1767 quotes inserted out of 1963
Updating bondinfo database...10-07-2020
10-07-2020 12:41:19 Records processed: 2014
10-07-2020 12:41:19 Bonds created: 1
10-07-2020 12:41:19 Bonds updated: 23
10-07-2020 12:41:19 Bonds unchanged: 1742
10-07-2020 12:41:19 Bonds marked as matured: 2
10-07-2020 12:41:19 Eurobonds: 43
10-07-2020 12:41:19 Bonds duplicated: 0
10-07-2020 22:01:06 Tradedate 2020-07-10: 1963 quotes loaded out of 1963
10-07-2020 22:01:14 1766 quotes inserted out of 1963
Updating bondinfo database...13-07-2020
13-07-2020 19:27:16 Records processed: 2014
13-07-2020 19:27:16 Bonds created: 0
13-07-2020 19:27:16 Bonds updated: 29
13-07-2020 19:27:16 Bonds unchanged: 1736
13-07-2020 19:27:16 Bonds marked as matured: 0
13-07-2020 19:27:16 Eurobonds: 43
13-07-2020 19:27:16 Bonds duplicated: 0
14-07-2020 12:35:20 Tradedate 2020-07-11: 0 quotes loaded out of 0
14-07-2020 12:35:21 Tradedate 2020-07-12: 0 quotes loaded out of 0
14-07-2020 12:35:29 Tradedate 2020-07-13: 1963 quotes loaded out of 1963
14-07-2020 12:35:37 1765 quotes inserted out of 1963
Updating bondinfo database...14-07-2020
14-07-2020 12:36:52 Records processed: 2021
14-07-2020 12:36:52 Bonds created: 6
14-07-2020 12:36:52 Bonds updated: 21
14-07-2020 12:36:52 Bonds unchanged: 1744
14-07-2020 12:36:52 Bonds marked as matured: 0
14-07-2020 12:36:52 Eurobonds: 43
14-07-2020 12:36:52 Bonds duplicated: 0
14-07-2020 22:07:04 Tradedate 2020-07-14: 1970 quotes loaded out of 1970
14-07-2020 22:07:11 1771 quotes inserted out of 1970
Updating bondinfo database...15-07-2020
15-07-2020 12:39:05 Records processed: 2026
15-07-2020 12:39:05 Bonds created: 4
15-07-2020 12:39:05 Bonds updated: 33
15-07-2020 12:39:05 Bonds unchanged: 1737
15-07-2020 12:39:05 Bonds marked as matured: 1
15-07-2020 12:39:05 Eurobonds: 43
15-07-2020 12:39:05 Bonds duplicated: 0
15-07-2020 21:59:47 Tradedate 2020-07-15: 1975 quotes loaded out of 1975
15-07-2020 21:59:53 1774 quotes inserted out of 1975
Updating bondinfo database...16-07-2020
16-07-2020 11:48:59 Records processed: 2024
16-07-2020 11:48:59 Bonds created: 4
16-07-2020 11:48:59 Bonds updated: 30
16-07-2020 11:48:59 Bonds unchanged: 1741
16-07-2020 11:48:59 Bonds marked as matured: 2
16-07-2020 11:48:59 Eurobonds: 43
16-07-2020 11:48:59 Bonds duplicated: 0
16-07-2020 11:49:12 Tradedate 2020-07-15: 1975 quotes loaded out of 1975
16-07-2020 11:49:18 1774 quotes inserted out of 1975
Updating bondinfo database...17-07-2020
17-07-2020 20:03:17 Records processed: 2027
17-07-2020 20:03:17 Bonds created: 4
17-07-2020 20:03:17 Bonds updated: 29
17-07-2020 20:03:17 Bonds unchanged: 1745
17-07-2020 20:03:17 Bonds marked as matured: 1
17-07-2020 20:03:17 Eurobonds: 43
17-07-2020 20:03:17 Bonds duplicated: 0
18-07-2020 00:31:36 Tradedate 2020-07-16: 1973 quotes loaded out of 1973
18-07-2020 00:31:43 1775 quotes inserted out of 1973
18-07-2020 00:31:52 Tradedate 2020-07-17: 1976 quotes loaded out of 1976
18-07-2020 00:32:00 1778 quotes inserted out of 1976
Updating bondinfo database...20-07-2020
20-07-2020 20:47:07 Records processed: 2031
20-07-2020 20:47:07 Bonds created: 1
20-07-2020 20:47:07 Bonds updated: 45
20-07-2020 20:47:07 Bonds unchanged: 1733
20-07-2020 20:47:07 Bonds marked as matured: 0
20-07-2020 20:47:07 Eurobonds: 44
20-07-2020 20:47:07 Bonds duplicated: 0
20-07-2020 21:53:41 Tradedate 2020-07-20: 1980 quotes loaded out of 1980
20-07-2020 21:53:48 1779 quotes inserted out of 1980
Updating bondinfo database...21-07-2020
21-07-2020 20:49:38 Records processed: 2035
21-07-2020 20:49:38 Bonds created: 4
21-07-2020 20:49:38 Bonds updated: 31
21-07-2020 20:49:38 Bonds unchanged: 1748
21-07-2020 20:49:38 Bonds marked as matured: 0
21-07-2020 20:49:38 Eurobonds: 44
21-07-2020 20:49:38 Bonds duplicated: 0
21-07-2020 21:00:56 Tradedate 2020-07-21: 0 quotes loaded out of 0
21-07-2020 21:53:22 Tradedate 2020-07-21: 1984 quotes loaded out of 1984
21-07-2020 21:53:29 1783 quotes inserted out of 1984
Updating bondinfo database...23-07-2020
23-07-2020 22:41:01 Records processed: 2037
23-07-2020 22:41:01 Bonds created: 4
23-07-2020 22:41:01 Bonds updated: 49
23-07-2020 22:41:01 Bonds unchanged: 1730
23-07-2020 22:41:01 Bonds marked as matured: 3
23-07-2020 22:41:01 Eurobonds: 44
23-07-2020 22:41:01 Bonds duplicated: 0
Updating bondinfo database...24-07-2020
24-07-2020 22:30:52 Records processed: 2038
24-07-2020 22:30:52 Bonds created: 2
24-07-2020 22:30:52 Bonds updated: 31
24-07-2020 22:30:52 Bonds unchanged: 1751
24-07-2020 22:30:52 Bonds marked as matured: 0
24-07-2020 22:30:52 Eurobonds: 44
24-07-2020 22:30:52 Bonds duplicated: 0
24-07-2020 22:35:34 Tradedate 2020-07-22: 1988 quotes loaded out of 1988
24-07-2020 22:35:41 1783 quotes inserted out of 1988
24-07-2020 22:35:49 Tradedate 2020-07-23: 1986 quotes loaded out of 1986
24-07-2020 22:35:55 1783 quotes inserted out of 1986
24-07-2020 22:36:00 Tradedate 2020-07-24: 1987 quotes loaded out of 1987
24-07-2020 22:36:06 1784 quotes inserted out of 1987
Updating bondinfo database...27-07-2020
27-07-2020 19:26:26 Records processed: 2041
27-07-2020 19:26:26 Bonds created: 5
27-07-2020 19:26:26 Bonds updated: 37
27-07-2020 19:26:26 Bonds unchanged: 1745
27-07-2020 19:26:26 Bonds marked as matured: 1
27-07-2020 19:26:26 Eurobonds: 44
27-07-2020 19:26:26 Bonds duplicated: 0
27-07-2020 21:37:25 Tradedate 2020-07-27: 1990 quotes loaded out of 1990
27-07-2020 21:37:34 1787 quotes inserted out of 1990
Updating bondinfo database...28-07-2020
28-07-2020 19:10:37 Records processed: 2049
28-07-2020 19:10:37 Bonds created: 8
28-07-2020 19:10:37 Bonds updated: 40
28-07-2020 19:10:37 Bonds unchanged: 1747
28-07-2020 19:10:37 Bonds marked as matured: 0
28-07-2020 19:10:37 Eurobonds: 44
28-07-2020 19:10:37 Bonds duplicated: 0
